  Determining projects to restore...
C:\Users\Jarrod\Desktop\VS Code Projects\Ram optimiser\src\Compression\Compression.csproj : warning NU1603: Compression depends on winfsp.net (>= 2.0.23365) but winfsp.net 2.0.23365 was not found. winfsp.net 2.1.24051 was resolved instead.
  All projects are up-to-date for restore.
C:\Users\Jarrod\Desktop\VS Code Projects\Ram optimiser\src\Compression\Compression.csproj : warning NU1603: Compression depends on winfsp.net (>= 2.0.23365) but winfsp.net 2.0.23365 was not found. winfsp.net 2.1.24051 was resolved instead.
C:\Users\Jarrod\Desktop\VS Code Projects\Ram optimiser\src\Compression\Algorithms\LZ4Algorithm.cs(5,28): error CS0234: The type or namespace name 'Streams' does not exist in the namespace 'K4os.Compression.LZ4' (are you missing an assembly reference?) [C:\Users\Jarrod\Desktop\VS Code Projects\Ram optimiser\src\Compression\Compression.csproj]
C:\Users\Jarrod\Desktop\VS Code Projects\Ram optimiser\src\Compression\VirtualFS\TransparentCompressionFileSystem.cs(42,17): error CS0246: The type or namespace name 'VolumeInfo' could not be found (are you missing a using directive or an assembly reference?) [C:\Users\Jarrod\Desktop\VS Code Projects\Ram optimiser\src\Compression\Compression.csproj]
C:\Users\Jarrod\Desktop\VS Code Projects\Ram optimiser\src\Compression\VirtualFS\TransparentCompressionFileSystem.cs(72,29): error CS0115: 'TransparentCompressionFileSystem.Open(string, uint, uint, out object, out object, out FileInfo, out string)': no suitable method found to override [C:\Users\Jarrod\Desktop\VS Code Projects\Ram optimiser\src\Compression\Compression.csproj]
C:\Users\Jarrod\Desktop\VS Code Projects\Ram optimiser\src\Compression\VirtualFS\TransparentCompressionFileSystem.cs(227,29): error CS0115: 'TransparentCompressionFileSystem.GetFileInfo(object, object, out FileInfo)': no suitable method found to override [C:\Users\Jarrod\Desktop\VS Code Projects\Ram optimiser\src\Compression\Compression.csproj]
C:\Users\Jarrod\Desktop\VS Code Projects\Ram optimiser\src\Compression\VirtualFS\TransparentCompressionFileSystem.cs(295,27): warning CS0108: 'TransparentCompressionFileSystem.STATUS_SUCCESS' hides inherited member 'FileSystemBase.STATUS_SUCCESS'. Use the new keyword if hiding was intended. [C:\Users\Jarrod\Desktop\VS Code Projects\Ram optimiser\src\Compression\Compression.csproj]
C:\Users\Jarrod\Desktop\VS Code Projects\Ram optimiser\src\Compression\VirtualFS\TransparentCompressionFileSystem.cs(296,27): warning CS0108: 'TransparentCompressionFileSystem.STATUS_OBJECT_NAME_NOT_FOUND' hides inherited member 'FileSystemBase.STATUS_OBJECT_NAME_NOT_FOUND'. Use the new keyword if hiding was intended. [C:\Users\Jarrod\Desktop\VS Code Projects\Ram optimiser\src\Compression\Compression.csproj]
C:\Users\Jarrod\Desktop\VS Code Projects\Ram optimiser\src\Compression\VirtualFS\TransparentCompressionFileSystem.cs(297,27): warning CS0108: 'TransparentCompressionFileSystem.STATUS_NOT_A_DIRECTORY' hides inherited member 'FileSystemBase.STATUS_NOT_A_DIRECTORY'. Use the new keyword if hiding was intended. [C:\Users\Jarrod\Desktop\VS Code Projects\Ram optimiser\src\Compression\Compression.csproj]
C:\Users\Jarrod\Desktop\VS Code Projects\Ram optimiser\src\Compression\VirtualFS\TransparentCompressionFileSystem.cs(298,27): warning CS0108: 'TransparentCompressionFileSystem.STATUS_NO_MORE_FILES' hides inherited member 'FileSystemBase.STATUS_NO_MORE_FILES'. Use the new keyword if hiding was intended. [C:\Users\Jarrod\Desktop\VS Code Projects\Ram optimiser\src\Compression\Compression.csproj]
C:\Users\Jarrod\Desktop\VS Code Projects\Ram optimiser\src\Compression\VirtualFS\TransparentCompressionFileSystem.cs(299,27): warning CS0108: 'TransparentCompressionFileSystem.STATUS_UNEXPECTED_IO_ERROR' hides inherited member 'FileSystemBase.STATUS_UNEXPECTED_IO_ERROR'. Use the new keyword if hiding was intended. [C:\Users\Jarrod\Desktop\VS Code Projects\Ram optimiser\src\Compression\Compression.csproj]

Build FAILED.

C:\Users\Jarrod\Desktop\VS Code Projects\Ram optimiser\src\Compression\Compression.csproj : warning NU1603: Compression depends on winfsp.net (>= 2.0.23365) but winfsp.net 2.0.23365 was not found. winfsp.net 2.1.24051 was resolved instead.
C:\Users\Jarrod\Desktop\VS Code Projects\Ram optimiser\src\Compression\Compression.csproj : warning NU1603: Compression depends on winfsp.net (>= 2.0.23365) but winfsp.net 2.0.23365 was not found. winfsp.net 2.1.24051 was resolved instead.
C:\Users\Jarrod\Desktop\VS Code Projects\Ram optimiser\src\Compression\VirtualFS\TransparentCompressionFileSystem.cs(295,27): warning CS0108: 'TransparentCompressionFileSystem.STATUS_SUCCESS' hides inherited member 'FileSystemBase.STATUS_SUCCESS'. Use the new keyword if hiding was intended. [C:\Users\Jarrod\Desktop\VS Code Projects\Ram optimiser\src\Compression\Compression.csproj]
C:\Users\Jarrod\Desktop\VS Code Projects\Ram optimiser\src\Compression\VirtualFS\TransparentCompressionFileSystem.cs(296,27): warning CS0108: 'TransparentCompressionFileSystem.STATUS_OBJECT_NAME_NOT_FOUND' hides inherited member 'FileSystemBase.STATUS_OBJECT_NAME_NOT_FOUND'. Use the new keyword if hiding was intended. [C:\Users\Jarrod\Desktop\VS Code Projects\Ram optimiser\src\Compression\Compression.csproj]
C:\Users\Jarrod\Desktop\VS Code Projects\Ram optimiser\src\Compression\VirtualFS\TransparentCompressionFileSystem.cs(297,27): warning CS0108: 'TransparentCompressionFileSystem.STATUS_NOT_A_DIRECTORY' hides inherited member 'FileSystemBase.STATUS_NOT_A_DIRECTORY'. Use the new keyword if hiding was intended. [C:\Users\Jarrod\Desktop\VS Code Projects\Ram optimiser\src\Compression\Compression.csproj]
C:\Users\Jarrod\Desktop\VS Code Projects\Ram optimiser\src\Compression\VirtualFS\TransparentCompressionFileSystem.cs(298,27): warning CS0108: 'TransparentCompressionFileSystem.STATUS_NO_MORE_FILES' hides inherited member 'FileSystemBase.STATUS_NO_MORE_FILES'. Use the new keyword if hiding was intended. [C:\Users\Jarrod\Desktop\VS Code Projects\Ram optimiser\src\Compression\Compression.csproj]
C:\Users\Jarrod\Desktop\VS Code Projects\Ram optimiser\src\Compression\VirtualFS\TransparentCompressionFileSystem.cs(299,27): warning CS0108: 'TransparentCompressionFileSystem.STATUS_UNEXPECTED_IO_ERROR' hides inherited member 'FileSystemBase.STATUS_UNEXPECTED_IO_ERROR'. Use the new keyword if hiding was intended. [C:\Users\Jarrod\Desktop\VS Code Projects\Ram optimiser\src\Compression\Compression.csproj]
C:\Users\Jarrod\Desktop\VS Code Projects\Ram optimiser\src\Compression\Algorithms\LZ4Algorithm.cs(5,28): error CS0234: The type or namespace name 'Streams' does not exist in the namespace 'K4os.Compression.LZ4' (are you missing an assembly reference?) [C:\Users\Jarrod\Desktop\VS Code Projects\Ram optimiser\src\Compression\Compression.csproj]
C:\Users\Jarrod\Desktop\VS Code Projects\Ram optimiser\src\Compression\VirtualFS\TransparentCompressionFileSystem.cs(42,17): error CS0246: The type or namespace name 'VolumeInfo' could not be found (are you missing a using directive or an assembly reference?) [C:\Users\Jarrod\Desktop\VS Code Projects\Ram optimiser\src\Compression\Compression.csproj]
C:\Users\Jarrod\Desktop\VS Code Projects\Ram optimiser\src\Compression\VirtualFS\TransparentCompressionFileSystem.cs(72,29): error CS0115: 'TransparentCompressionFileSystem.Open(string, uint, uint, out object, out object, out FileInfo, out string)': no suitable method found to override [C:\Users\Jarrod\Desktop\VS Code Projects\Ram optimiser\src\Compression\Compression.csproj]
C:\Users\Jarrod\Desktop\VS Code Projects\Ram optimiser\src\Compression\VirtualFS\TransparentCompressionFileSystem.cs(227,29): error CS0115: 'TransparentCompressionFileSystem.GetFileInfo(object, object, out FileInfo)': no suitable method found to override [C:\Users\Jarrod\Desktop\VS Code Projects\Ram optimiser\src\Compression\Compression.csproj]
    7 Warning(s)
    4 Error(s)

Time Elapsed 00:00:01.03
