[2025-12-21 16:29:15.906] === RamOptimizer Nova - Session Started ===
[2025-12-21 16:29:15.915] Log file: C:\Users\Jarrod\Desktop\VS Code Projects\Ram optimiser\publish\RamOptimizerNova\logs\RamOptimizer_2025-12-21_16-29-15.log
[2025-12-21 16:29:16.271] === MainWindow Initializing ===
[2025-12-21 16:29:16.862] Creating services...
[2025-12-21 16:29:25.482] Finding UI elements...
[2025-12-21 16:29:25.483] ✓ Found UI elements - CPU: True, GPU: True, Memory: True
[2025-12-21 16:29:25.483] Setting up metrics timer...
[2025-12-21 16:29:25.484] Initial metrics update...
[2025-12-21 16:29:25.609] Found 2 drives:
[2025-12-21 16:29:25.620]   C:\ (Acer) - 1.61 TB free of 2.93 TB
[2025-12-21 16:29:25.621]   D:\ (Games) - 1.31 TB free of 3.27 TB
[2025-12-21 16:29:25.621] Wiring compression UI...
[2025-12-21 16:29:25.622] Wiring compression buttons...
[2025-12-21 16:29:25.624] ✓ FileModeRadio wired
[2025-12-21 16:29:25.624] ✓ ProgramModeRadio wired
[2025-12-21 16:29:25.624] ✓ SelectFolderButton wired
[2025-12-21 16:29:25.624] ✓ ScanProgramsButton wired
[2025-12-21 16:29:25.624] ✓ CompressButton wired
[2025-12-21 16:29:25.624] ✓ DecompressButton wired
[2025-12-21 16:29:25.624] === All compression handlers wired successfully ===
[2025-12-21 16:29:25.624] === MainWindow Initialized Successfully ===
[2025-12-21 16:29:27.502] Found 2 drives:
[2025-12-21 16:29:27.509]   C:\ (Acer) - 1.61 TB free of 2.93 TB
[2025-12-21 16:29:27.510]   D:\ (Games) - 1.31 TB free of 3.27 TB
[2025-12-21 16:29:29.513] Found 2 drives:
[2025-12-21 16:29:29.515]   C:\ (Acer) - 1.61 TB free of 2.93 TB
[2025-12-21 16:29:29.516]   D:\ (Games) - 1.31 TB free of 3.27 TB
[2025-12-21 16:29:31.530] Found 2 drives:
[2025-12-21 16:29:31.531]   C:\ (Acer) - 1.61 TB free of 2.93 TB
[2025-12-21 16:29:31.531]   D:\ (Games) - 1.31 TB free of 3.27 TB
[2025-12-21 16:29:33.330] Switching mode to: Program
[2025-12-21 16:29:33.330] ✓ Mode switched successfully
[2025-12-21 16:29:33.548] Found 2 drives:
[2025-12-21 16:29:33.549]   C:\ (Acer) - 1.61 TB free of 2.93 TB
[2025-12-21 16:29:33.549]   D:\ (Games) - 1.31 TB free of 3.27 TB
[2025-12-21 16:29:35.374] === ScanPrograms_Click triggered ===
[2025-12-21 16:29:35.376] Starting program scan...
[2025-12-21 16:29:35.559] Found 2 drives:
[2025-12-21 16:29:35.560]   C:\ (Acer) - 1.61 TB free of 2.93 TB
[2025-12-21 16:29:35.560]   D:\ (Games) - 1.31 TB free of 3.27 TB
[2025-12-21 16:29:37.576] Found 2 drives:
[2025-12-21 16:29:37.577]   C:\ (Acer) - 1.61 TB free of 2.93 TB
[2025-12-21 16:29:37.578]   D:\ (Games) - 1.31 TB free of 3.27 TB
[2025-12-21 16:29:39.590] Found 2 drives:
[2025-12-21 16:29:39.591]   C:\ (Acer) - 1.61 TB free of 2.93 TB
[2025-12-21 16:29:39.591]   D:\ (Games) - 1.31 TB free of 3.27 TB
[2025-12-21 16:29:41.594] Found 2 drives:
[2025-12-21 16:29:41.595]   C:\ (Acer) - 1.61 TB free of 2.93 TB
[2025-12-21 16:29:41.595]   D:\ (Games) - 1.31 TB free of 3.27 TB
[2025-12-21 16:29:43.168] [COMPACT] IsCompressed check for C:\Program Files\ASUS: True
[2025-12-21 16:29:43.288] [COMPACT] IsCompressed check for C:\Program Files\Bitdefender: True
[2025-12-21 16:29:43.367] [COMPACT] IsCompressed check for C:\Program Files\BraveSoftware: True
[2025-12-21 16:29:43.433] [COMPACT] IsCompressed check for C:\Program Files\Common Files: True
[2025-12-21 16:29:43.503] [COMPACT] IsCompressed check for C:\Program Files\cursor: True
[2025-12-21 16:29:43.577] [COMPACT] IsCompressed check for C:\Program Files\Docker: True
[2025-12-21 16:29:43.607] Found 2 drives:
[2025-12-21 16:29:43.609]   C:\ (Acer) - 1.61 TB free of 2.93 TB
[2025-12-21 16:29:43.609]   D:\ (Games) - 1.31 TB free of 3.27 TB
[2025-12-21 16:29:43.649] [COMPACT] IsCompressed check for C:\Program Files\dotnet: True
[2025-12-21 16:29:43.724] [COMPACT] IsCompressed check for C:\Program Files\EA Games: True
[2025-12-21 16:29:43.790] [COMPACT] IsCompressed check for C:\Program Files\Electronic Arts: True
[2025-12-21 16:29:43.867] [COMPACT] IsCompressed check for C:\Program Files\Epic Games: True
[2025-12-21 16:29:43.941] [COMPACT] IsCompressed check for C:\Program Files\FastFlix: True
[2025-12-21 16:29:44.015] [COMPACT] IsCompressed check for C:\Program Files\Git: True
[2025-12-21 16:29:44.086] [COMPACT] IsCompressed check for C:\Program Files\HandBrake: True
[2025-12-21 16:29:44.161] [COMPACT] IsCompressed check for C:\Program Files\Hasleo: True
[2025-12-21 16:29:44.239] [COMPACT] IsCompressed check for C:\Program Files\Hayase: True
[2025-12-21 16:29:44.310] [COMPACT] IsCompressed check for C:\Program Files\Java: True
[2025-12-21 16:29:44.367] [COMPACT] IsCompressed check for C:\Program Files\Macrium: True
[2025-12-21 16:29:44.433] [COMPACT] IsCompressed check for C:\Program Files\MiniTool Partition Wizard 13: True
[2025-12-21 16:29:44.508] [COMPACT] IsCompressed check for C:\Program Files\Mozilla Firefox: True
[2025-12-21 16:29:44.592] [COMPACT] IsCompressed check for C:\Program Files\NAPS2: True
[2025-12-21 16:29:44.685] [COMPACT] IsCompressed check for C:\Program Files\NitroSense: True
[2025-12-21 16:29:44.766] [COMPACT] IsCompressed check for C:\Program Files\NVIDIA Corporation: True
[2025-12-21 16:29:44.824] [COMPACT] IsCompressed check for C:\Program Files\obs-studio: True
[2025-12-21 16:29:44.886] [COMPACT] IsCompressed check for C:\Program Files\Oculus: True
[2025-12-21 16:29:44.944] [COMPACT] IsCompressed check for C:\Program Files\PowerShell: True
[2025-12-21 16:29:45.016] [COMPACT] IsCompressed check for C:\Program Files\qBittorrent: True
[2025-12-21 16:29:45.083] [COMPACT] IsCompressed check for C:\Program Files\Session: True
[2025-12-21 16:29:45.164] [COMPACT] IsCompressed check for C:\Program Files\ShareX: True
[2025-12-21 16:29:45.261] [COMPACT] IsCompressed check for C:\Program Files\Spacedrive: True
[2025-12-21 16:29:45.329] [COMPACT] IsCompressed check for C:\Program Files\SteelSeries: True
[2025-12-21 16:29:45.419] [COMPACT] IsCompressed check for C:\Program Files\UniGetUI: True
[2025-12-21 16:29:45.505] [COMPACT] IsCompressed check for C:\Program Files\VideoLAN: True
[2025-12-21 16:29:45.586] [COMPACT] IsCompressed check for C:\Program Files\WindowsApps: True
[2025-12-21 16:29:45.628] Found 2 drives:
[2025-12-21 16:29:45.630]   C:\ (Acer) - 1.61 TB free of 2.93 TB
[2025-12-21 16:29:45.630]   D:\ (Games) - 1.31 TB free of 3.27 TB
[2025-12-21 16:29:45.677] [COMPACT] IsCompressed check for C:\Program Files\WSL: True
[2025-12-21 16:29:45.750] [COMPACT] IsCompressed check for C:\Program Files (x86)\ASUS: True
[2025-12-21 16:29:45.822] [COMPACT] IsCompressed check for C:\Program Files (x86)\Battle.net: True
[2025-12-21 16:29:45.913] [COMPACT] IsCompressed check for C:\Program Files (x86)\BraveSoftware: True
[2025-12-21 16:29:45.989] [COMPACT] IsCompressed check for C:\Program Files (x86)\Canon: True
[2025-12-21 16:29:46.053] [COMPACT] IsCompressed check for C:\Program Files (x86)\Digiarty: True
[2025-12-21 16:29:46.133] [COMPACT] IsCompressed check for C:\Program Files (x86)\Epic Games: True
[2025-12-21 16:29:46.199] [COMPACT] IsCompressed check for C:\Program Files (x86)\GOG Galaxy: True
[2025-12-21 16:29:46.266] [COMPACT] IsCompressed check for C:\Program Files (x86)\InstallShield Installation Information: True
[2025-12-21 16:29:46.344] [COMPACT] IsCompressed check for C:\Program Files (x86)\Microsoft: True
[2025-12-21 16:29:46.409] [COMPACT] IsCompressed check for C:\Program Files (x86)\MSI Afterburner: True
[2025-12-21 16:29:46.477] [COMPACT] IsCompressed check for C:\Program Files (x86)\NetRatingsNetSight: True
[2025-12-21 16:29:46.540] [COMPACT] IsCompressed check for C:\Program Files (x86)\NVIDIA Corporation: True
[2025-12-21 16:29:46.622] [COMPACT] IsCompressed check for C:\Program Files (x86)\R-Studio Technician: True
[2025-12-21 16:29:46.720] [COMPACT] IsCompressed check for C:\Program Files (x86)\Radmin VPN: True
[2025-12-21 16:29:46.782] [COMPACT] IsCompressed check for C:\Program Files (x86)\REAL Video Enhancer: True
[2025-12-21 16:29:46.861] [COMPACT] IsCompressed check for C:\Program Files (x86)\RivaTuner Statistics Server: True
[2025-12-21 16:29:46.945] [COMPACT] IsCompressed check for C:\Program Files (x86)\Samsung: True
[2025-12-21 16:29:47.024] [COMPACT] IsCompressed check for C:\Program Files (x86)\Steam: True
[2025-12-21 16:29:47.081] [COMPACT] IsCompressed check for C:\Program Files (x86)\Ubisoft: True
[2025-12-21 16:29:47.146] [COMPACT] IsCompressed check for C:\Program Files (x86)\Steam\steamapps\common\100 Radioactive Cats: True
[2025-12-21 16:29:47.216] [COMPACT] IsCompressed check for C:\Program Files (x86)\Steam\steamapps\common\ASimpleJob: True
[2025-12-21 16:29:47.271] [COMPACT] IsCompressed check for C:\Program Files (x86)\Steam\steamapps\common\Cash Cleaner Simulator: True
[2025-12-21 16:29:47.358] [COMPACT] IsCompressed check for C:\Program Files (x86)\Steam\steamapps\common\Clockwork Cleanup: True
[2025-12-21 16:29:47.440] [COMPACT] IsCompressed check for C:\Program Files (x86)\Steam\steamapps\common\CloverPit: True
[2025-12-21 16:29:47.515] [COMPACT] IsCompressed check for C:\Program Files (x86)\Steam\steamapps\common\Cult of the Lamb: True
[2025-12-21 16:29:47.607] [COMPACT] IsCompressed check for C:\Program Files (x86)\Steam\steamapps\common\Deadzone Rogue: True
[2025-12-21 16:29:47.639] Found 2 drives:
[2025-12-21 16:29:47.641]   C:\ (Acer) - 1.61 TB free of 2.93 TB
[2025-12-21 16:29:47.641]   D:\ (Games) - 1.31 TB free of 3.27 TB
[2025-12-21 16:29:47.688] [COMPACT] IsCompressed check for C:\Program Files (x86)\Steam\steamapps\common\Digseum: True
[2025-12-21 16:29:47.775] [COMPACT] IsCompressed check for C:\Program Files (x86)\Steam\steamapps\common\Distance: True
[2025-12-21 16:29:47.842] [COMPACT] IsCompressed check for C:\Program Files (x86)\Steam\steamapps\common\Dreamscaper: True
[2025-12-21 16:29:47.910] [COMPACT] IsCompressed check for C:\Program Files (x86)\Steam\steamapps\common\Drums Rock: True
[2025-12-21 16:29:47.986] [COMPACT] IsCompressed check for C:\Program Files (x86)\Steam\steamapps\common\Dude, Stop: True
[2025-12-21 16:29:48.054] [COMPACT] IsCompressed check for C:\Program Files (x86)\Steam\steamapps\common\Dying Light 2: True
[2025-12-21 16:29:48.123] [COMPACT] IsCompressed check for C:\Program Files (x86)\Steam\steamapps\common\ECHO: True
[2025-12-21 16:29:48.192] [COMPACT] IsCompressed check for C:\Program Files (x86)\Steam\steamapps\common\FACEMINER: True
[2025-12-21 16:29:48.253] [COMPACT] IsCompressed check for C:\Program Files (x86)\Steam\steamapps\common\Fill Up The Hole: True
[2025-12-21 16:29:48.317] [COMPACT] IsCompressed check for C:\Program Files (x86)\Steam\steamapps\common\Golf It!: True
[2025-12-21 16:29:48.410] [COMPACT] IsCompressed check for C:\Program Files (x86)\Steam\steamapps\common\Golf With Your Friends: True
[2025-12-21 16:29:48.517] [COMPACT] IsCompressed check for C:\Program Files (x86)\Steam\steamapps\common\How 2 Escape: True
[2025-12-21 16:29:48.582] [COMPACT] IsCompressed check for C:\Program Files (x86)\Steam\steamapps\common\How 2 Escape Lost Submarine: True
[2025-12-21 16:29:48.656] [COMPACT] IsCompressed check for C:\Program Files (x86)\Steam\steamapps\common\Idle Slayer: True
[2025-12-21 16:29:48.737] [COMPACT] IsCompressed check for C:\Program Files (x86)\Steam\steamapps\common\Idle Sphere: True
[2025-12-21 16:29:48.802] [COMPACT] IsCompressed check for C:\Program Files (x86)\Steam\steamapps\common\Idle Spiral: True
[2025-12-21 16:29:48.871] [COMPACT] IsCompressed check for C:\Program Files (x86)\Steam\steamapps\common\Infiniclick: True
[2025-12-21 16:29:48.936] [COMPACT] IsCompressed check for C:\Program Files (x86)\Steam\steamapps\common\Keep on Mining!: True
[2025-12-21 16:29:49.000] [COMPACT] IsCompressed check for C:\Program Files (x86)\Steam\steamapps\common\Orwell: True
[2025-12-21 16:29:49.056] [COMPACT] IsCompressed check for C:\Program Files (x86)\Steam\steamapps\common\Outer Wilds: True
[2025-12-21 16:29:49.117] [COMPACT] IsCompressed check for C:\Program Files (x86)\Steam\steamapps\common\PegIdle: True
[2025-12-21 16:29:49.189] [COMPACT] IsCompressed check for C:\Program Files (x86)\Steam\steamapps\common\Pocket Pusher: True
[2025-12-21 16:29:49.276] [COMPACT] IsCompressed check for C:\Program Files (x86)\Steam\steamapps\common\RoboQuest: True
[2025-12-21 16:29:49.356] [COMPACT] IsCompressed check for C:\Program Files (x86)\Steam\steamapps\common\Sixty Four: True
[2025-12-21 16:29:49.427] [COMPACT] IsCompressed check for C:\Program Files (x86)\Steam\steamapps\common\SonicFrontiers: True
[2025-12-21 16:29:49.487] [COMPACT] IsCompressed check for C:\Program Files (x86)\Steam\steamapps\common\Split Fiction: True
[2025-12-21 16:29:49.550] [COMPACT] IsCompressed check for C:\Program Files (x86)\Steam\steamapps\common\SpongeBob SquarePants Titans of the Tide: True
[2025-12-21 16:29:49.611] [COMPACT] IsCompressed check for C:\Program Files (x86)\Steam\steamapps\common\Starfield: True
[2025-12-21 16:29:49.654] Found 2 drives:
[2025-12-21 16:29:49.655]   C:\ (Acer) - 1.61 TB free of 2.93 TB
[2025-12-21 16:29:49.655]   D:\ (Games) - 1.31 TB free of 3.27 TB
[2025-12-21 16:29:49.678] [COMPACT] IsCompressed check for C:\Program Files (x86)\Steam\steamapps\common\SteamVR: True
[2025-12-21 16:29:49.745] [COMPACT] IsCompressed check for C:\Program Files (x86)\Steam\steamapps\common\SynthRiders: True
[2025-12-21 16:29:49.844] [COMPACT] IsCompressed check for C:\Program Files (x86)\Steam\steamapps\common\The Maze VR: True
[2025-12-21 16:29:49.907] [COMPACT] IsCompressed check for C:\Program Files (x86)\Steam\steamapps\common\The Perfect Tower II: True
[2025-12-21 16:29:49.970] [COMPACT] IsCompressed check for C:\Program Files (x86)\Steam\steamapps\common\TheOuterWorlds2: True
[2025-12-21 16:29:50.045] [COMPACT] IsCompressed check for C:\Program Files (x86)\Steam\steamapps\common\THOSE GAMES: True
[2025-12-21 16:29:50.111] [COMPACT] IsCompressed check for C:\Program Files (x86)\Steam\steamapps\common\THOSE GAMES 2: True
[2025-12-21 16:29:50.177] [COMPACT] IsCompressed check for C:\Program Files (x86)\Steam\steamapps\common\Tower Wizard: True
[2025-12-21 16:29:50.243] [COMPACT] IsCompressed check for C:\Program Files (x86)\Steam\steamapps\common\Unboxathon: True
[2025-12-21 16:29:50.319] [COMPACT] IsCompressed check for C:\Program Files (x86)\Steam\steamapps\common\Upload Labs: True
[2025-12-21 16:29:50.399] [COMPACT] IsCompressed check for C:\Program Files (x86)\Steam\steamapps\common\wallpaper_engine: True
[2025-12-21 16:29:50.487] [COMPACT] IsCompressed check for D:\SteamLibrary\steamapps\common\Abyssus: True
[2025-12-21 16:29:50.571] [COMPACT] IsCompressed check for D:\SteamLibrary\steamapps\common\Adventure Escape Mysteries: True
[2025-12-21 16:29:50.636] [COMPACT] IsCompressed check for D:\SteamLibrary\steamapps\common\Agents of Mayhem: True
[2025-12-21 16:29:50.698] [COMPACT] IsCompressed check for D:\SteamLibrary\steamapps\common\Beat Saber: True
[2025-12-21 16:29:50.773] [COMPACT] IsCompressed check for D:\SteamLibrary\steamapps\common\BOKURA: True
[2025-12-21 16:29:50.850] [COMPACT] IsCompressed check for D:\SteamLibrary\steamapps\common\BOKURA planet: True
[2025-12-21 16:29:50.911] [COMPACT] IsCompressed check for D:\SteamLibrary\steamapps\common\BONEWORKS: True
[2025-12-21 16:29:50.975] [COMPACT] IsCompressed check for D:\SteamLibrary\steamapps\common\Buckshot Roulette: True
[2025-12-21 16:29:51.032] [COMPACT] IsCompressed check for D:\SteamLibrary\steamapps\common\Bugsnax: True
[2025-12-21 16:29:51.129] [COMPACT] IsCompressed check for D:\SteamLibrary\steamapps\common\Cell to Singularity: True
[2025-12-21 16:29:51.195] [COMPACT] IsCompressed check for D:\SteamLibrary\steamapps\common\Click To Continue: True
[2025-12-21 16:29:51.260] [COMPACT] IsCompressed check for D:\SteamLibrary\steamapps\common\Coming Out on Top: True
[2025-12-21 16:29:51.327] [COMPACT] IsCompressed check for D:\SteamLibrary\steamapps\common\Death Squared: True
[2025-12-21 16:29:51.392] [COMPACT] IsCompressed check for D:\SteamLibrary\steamapps\common\Dishonored: True
[2025-12-21 16:29:51.453] [COMPACT] IsCompressed check for D:\SteamLibrary\steamapps\common\Distance: True
[2025-12-21 16:29:51.519] [COMPACT] IsCompressed check for D:\SteamLibrary\steamapps\common\DOOMEternal: True
[2025-12-21 16:29:51.607] [COMPACT] IsCompressed check for D:\SteamLibrary\steamapps\common\Dying Light The Beast: True
[2025-12-21 16:29:51.672] Found 2 drives:
[2025-12-21 16:29:51.673]   C:\ (Acer) - 1.61 TB free of 2.93 TB
[2025-12-21 16:29:51.673]   D:\ (Games) - 1.31 TB free of 3.27 TB
[2025-12-21 16:29:51.676] [COMPACT] IsCompressed check for D:\SteamLibrary\steamapps\common\Dyson Sphere Program: True
[2025-12-21 16:29:51.749] [COMPACT] IsCompressed check for D:\SteamLibrary\steamapps\common\Egression: True
[2025-12-21 16:29:51.835] [COMPACT] IsCompressed check for D:\SteamLibrary\steamapps\common\Escape Simulator: True
[2025-12-21 16:29:51.907] [COMPACT] IsCompressed check for D:\SteamLibrary\steamapps\common\Escape Simulator 2: True
[2025-12-21 16:29:51.979] [COMPACT] IsCompressed check for D:\SteamLibrary\steamapps\common\Euro Truck Simulator 2: True
[2025-12-21 16:29:52.049] [COMPACT] IsCompressed check for D:\SteamLibrary\steamapps\common\Fever Meme: True
[2025-12-21 16:29:52.113] [COMPACT] IsCompressed check for D:\SteamLibrary\steamapps\common\FINAL SPIN: True
[2025-12-21 16:29:52.175] [COMPACT] IsCompressed check for D:\SteamLibrary\steamapps\common\Hacknet: True
[2025-12-21 16:29:52.242] [COMPACT] IsCompressed check for D:\SteamLibrary\steamapps\common\Hogwarts Legacy: True
[2025-12-21 16:29:52.303] [COMPACT] IsCompressed check for D:\SteamLibrary\steamapps\common\Lossless Scaling: True
[2025-12-21 16:29:52.375] [COMPACT] IsCompressed check for D:\SteamLibrary\steamapps\common\Magicka 2: True
[2025-12-21 16:29:52.440] [COMPACT] IsCompressed check for D:\SteamLibrary\steamapps\common\Magicka 2 beta: True
[2025-12-21 16:29:52.497] [COMPACT] IsCompressed check for D:\SteamLibrary\steamapps\common\Magrunner: True
[2025-12-21 16:29:52.558] [COMPACT] IsCompressed check for D:\SteamLibrary\steamapps\common\Make Good Choices: True
[2025-12-21 16:29:52.640] [COMPACT] IsCompressed check for D:\SteamLibrary\steamapps\common\Maskmaker: True
[2025-12-21 16:29:52.718] [COMPACT] IsCompressed check for D:\SteamLibrary\steamapps\common\Path of Exile: True
[2025-12-21 16:29:52.792] [COMPACT] IsCompressed check for D:\SteamLibrary\steamapps\common\PAYDAY 2: True
[2025-12-21 16:29:52.864] [COMPACT] IsCompressed check for D:\SteamLibrary\steamapps\common\PCMark 10: True
[2025-12-21 16:29:52.933] [COMPACT] IsCompressed check for D:\SteamLibrary\steamapps\common\POSTAL Brain Damaged: True
[2025-12-21 16:29:52.998] [COMPACT] IsCompressed check for D:\SteamLibrary\steamapps\common\PowerWash Simulator: True
[2025-12-21 16:29:53.074] [COMPACT] IsCompressed check for D:\SteamLibrary\steamapps\common\Prodeus: True
[2025-12-21 16:29:53.143] [COMPACT] IsCompressed check for D:\SteamLibrary\steamapps\common\Psychonauts in the Rhombus of Ruin: True
[2025-12-21 16:29:53.239] [COMPACT] IsCompressed check for D:\SteamLibrary\steamapps\common\Ragnarock: True
[2025-12-21 16:29:53.309] [COMPACT] IsCompressed check for D:\SteamLibrary\steamapps\common\RERUNNER: True
[2025-12-21 16:29:53.385] [COMPACT] IsCompressed check for D:\SteamLibrary\steamapps\common\Rusty's Retirement: True
[2025-12-21 16:29:53.463] [COMPACT] IsCompressed check for D:\SteamLibrary\steamapps\common\Satisfactory: True
[2025-12-21 16:29:53.540] [COMPACT] IsCompressed check for D:\SteamLibrary\steamapps\common\Schrodinger's Cat Burglar Demo: True
[2025-12-21 16:29:53.605] [COMPACT] IsCompressed check for D:\SteamLibrary\steamapps\common\Scribblenauts: True
[2025-12-21 16:29:53.677] [COMPACT] IsCompressed check for D:\SteamLibrary\steamapps\common\Sky Children of the Light: True
[2025-12-21 16:29:53.684] Found 2 drives:
[2025-12-21 16:29:53.685]   C:\ (Acer) - 1.61 TB free of 2.93 TB
[2025-12-21 16:29:53.685]   D:\ (Games) - 1.31 TB free of 3.27 TB
[2025-12-21 16:29:53.743] [COMPACT] IsCompressed check for D:\SteamLibrary\steamapps\common\smbbm: True
[2025-12-21 16:29:53.826] [COMPACT] IsCompressed check for D:\SteamLibrary\steamapps\common\SpaceEngineers: True
[2025-12-21 16:29:53.897] [COMPACT] IsCompressed check for D:\SteamLibrary\steamapps\common\SpeedRunners: True
[2025-12-21 16:29:53.981] [COMPACT] IsCompressed check for D:\SteamLibrary\steamapps\common\Spirit City Lofi Sessions: True
[2025-12-21 16:29:54.056] [COMPACT] IsCompressed check for D:\SteamLibrary\steamapps\common\SS2: True
[2025-12-21 16:29:54.160] [COMPACT] IsCompressed check for D:\SteamLibrary\steamapps\common\State of Mind: True
[2025-12-21 16:29:54.249] [COMPACT] IsCompressed check for D:\SteamLibrary\steamapps\common\SteamVRPerformanceTest: True
[2025-12-21 16:29:54.308] [COMPACT] IsCompressed check for D:\SteamLibrary\steamapps\common\SunsetOverdrive: True
[2025-12-21 16:29:54.371] [COMPACT] IsCompressed check for D:\SteamLibrary\steamapps\common\Supraworld: True
[2025-12-21 16:29:54.439] [COMPACT] IsCompressed check for D:\SteamLibrary\steamapps\common\Tabletop Simulator: True
[2025-12-21 16:29:54.514] [COMPACT] IsCompressed check for D:\SteamLibrary\steamapps\common\Test Expected Behaviour: True
[2025-12-21 16:29:54.578] [COMPACT] IsCompressed check for D:\SteamLibrary\steamapps\common\That One Otter Game: True
[2025-12-21 16:29:54.667] [COMPACT] IsCompressed check for D:\SteamLibrary\steamapps\common\The Binding of Isaac Rebirth: True
[2025-12-21 16:29:54.749] [COMPACT] IsCompressed check for D:\SteamLibrary\steamapps\common\The Infinite Inside: True
[2025-12-21 16:29:54.819] [COMPACT] IsCompressed check for D:\SteamLibrary\steamapps\common\The Maze VR: True
[2025-12-21 16:29:54.879] [COMPACT] IsCompressed check for D:\SteamLibrary\steamapps\common\TheLastClockwinder: True
[2025-12-21 16:29:54.954] [COMPACT] IsCompressed check for D:\SteamLibrary\steamapps\common\Tower Unite: True
[2025-12-21 16:29:55.035] [COMPACT] IsCompressed check for D:\SteamLibrary\steamapps\common\Underground Blossom: True
[2025-12-21 16:29:55.108] [COMPACT] IsCompressed check for D:\SteamLibrary\steamapps\common\Voidtrain: True
[2025-12-21 16:29:55.170] [COMPACT] IsCompressed check for D:\SteamLibrary\steamapps\common\Voyage: True
[2025-12-21 16:29:55.245] [COMPACT] IsCompressed check for D:\SteamLibrary\steamapps\common\VRChat: True
[2025-12-21 16:29:55.335] [COMPACT] IsCompressed check for D:\SteamLibrary\steamapps\common\We Were Here Expeditions - The FriendShip: True
[2025-12-21 16:29:55.424] [COMPACT] IsCompressed check for C:\Program Files\Epic Games\Launcher: True
[2025-12-21 16:29:55.429] ✓ Found 168 programs
[2025-12-21 16:29:55.434] ✓ Added 50 programs to list
[2025-12-21 16:29:55.434] === Program scan complete ===
[2025-12-21 16:29:55.692] Found 2 drives:
[2025-12-21 16:29:55.693]   C:\ (Acer) - 1.61 TB free of 2.93 TB
[2025-12-21 16:29:55.693]   D:\ (Games) - 1.31 TB free of 3.27 TB
[2025-12-21 16:29:57.702] Found 2 drives:
[2025-12-21 16:29:57.703]   C:\ (Acer) - 1.61 TB free of 2.93 TB
[2025-12-21 16:29:57.703]   D:\ (Games) - 1.31 TB free of 3.27 TB
[2025-12-21 16:29:59.720] Found 2 drives:
[2025-12-21 16:29:59.721]   C:\ (Acer) - 1.61 TB free of 2.93 TB
[2025-12-21 16:29:59.721]   D:\ (Games) - 1.31 TB free of 3.27 TB
[2025-12-21 16:30:01.732] Found 2 drives:
[2025-12-21 16:30:01.734]   C:\ (Acer) - 1.61 TB free of 2.93 TB
[2025-12-21 16:30:01.734]   D:\ (Games) - 1.31 TB free of 3.27 TB
[2025-12-21 16:30:01.927] Switching mode to: File
[2025-12-21 16:30:01.927] ✓ Mode switched successfully
[2025-12-21 16:30:03.147] Switching mode to: Program
[2025-12-21 16:30:03.147] ✓ Mode switched successfully
[2025-12-21 16:30:03.625] ✓ Program selected: Steam
[2025-12-21 16:30:03.749] Found 2 drives:
[2025-12-21 16:30:03.750]   C:\ (Acer) - 1.61 TB free of 2.93 TB
[2025-12-21 16:30:03.751]   D:\ (Games) - 1.31 TB free of 3.27 TB
[2025-12-21 16:30:04.537] === Compress_Click triggered ===
[2025-12-21 16:30:04.537] Compressing: C:\Program Files (x86)\Steam
[2025-12-21 16:30:04.542] Using algorithm: LZX
[2025-12-21 16:30:04.542] Starting compression...
[2025-12-21 16:30:04.546] [COMPACT] Target path: C:\Program Files (x86)\Steam
[2025-12-21 16:30:04.546] [COMPACT] Escaped path: C:\Program Files (x86)\Steam
[2025-12-21 16:30:04.546] [COMPACT] Algorithm: LZX
[2025-12-21 16:30:04.546] [COMPACT] Full arguments: compact.exe /C /EXE:LZX /S "C:\Program Files (x86)\Steam"
[2025-12-21 16:30:05.767] Found 2 drives:
[2025-12-21 16:30:05.768]   C:\ (Acer) - 1.61 TB free of 2.93 TB
[2025-12-21 16:30:05.768]   D:\ (Games) - 1.31 TB free of 3.27 TB
[2025-12-21 16:30:07.779] Found 2 drives:
[2025-12-21 16:30:07.780]   C:\ (Acer) - 1.61 TB free of 2.93 TB
[2025-12-21 16:30:07.780]   D:\ (Games) - 1.31 TB free of 3.27 TB
[2025-12-21 16:30:09.797] Found 2 drives:
[2025-12-21 16:30:09.799]   C:\ (Acer) - 1.61 TB free of 2.93 TB
[2025-12-21 16:30:09.799]   D:\ (Games) - 1.31 TB free of 3.27 TB
[2025-12-21 16:30:11.678] [COMPACT] Exit code: 0
[2025-12-21 16:30:11.678] [COMPACT] Duration: 7.13s
[2025-12-21 16:30:11.678] [COMPACT] STDOUT (2084353 chars):
[2025-12-21 16:30:11.686]   
[2025-12-21 16:30:11.686]    Compressing files in C:\Program Files (x86)\
[2025-12-21 16:30:11.686]   
[2025-12-21 16:30:11.686]   
[2025-12-21 16:30:11.686]    Compressing files in C:\Program Files (x86)\AGEIA Technologies\
[2025-12-21 16:30:11.686]   
[2025-12-21 16:30:11.686]   
[2025-12-21 16:30:11.686]    Compressing files in C:\Program Files (x86)\AnyDesk\
[2025-12-21 16:30:11.686]   
[2025-12-21 16:30:11.686]   
[2025-12-21 16:30:11.686]    Compressing files in C:\Program Files (x86)\ASUS\
[2025-12-21 16:30:11.686]   
[2025-12-21 16:30:11.686]   
[2025-12-21 16:30:11.686]    Compressing files in C:\Program Files (x86)\ASUS\AcLoader\
[2025-12-21 16:30:11.686]   
[2025-12-21 16:30:11.686]   
[2025-12-21 16:30:11.686]    Compressing files in C:\Program Files (x86)\ASUS\ArmouryDevice\
[2025-12-21 16:30:11.686]   
[2025-12-21 16:30:11.686]   
[2025-12-21 16:30:11.686]    Compressing files in C:\Program Files (x86)\ASUS\ArmouryDevice\dll\
[2025-12-21 16:30:11.772] Compression result - Success: True
[2025-12-21 16:30:11.772] ✓ Compressed 0 files
[2025-12-21 16:30:11.772] ✓ Original: 0 B
[2025-12-21 16:30:11.772] ✓ Compressed: 0 B
[2025-12-21 16:30:11.772] ✓ Saved: 0 B (NaN)
[2025-12-21 16:30:11.772] === Compression complete ===
[2025-12-21 16:30:11.811] Found 2 drives:
[2025-12-21 16:30:11.812]   C:\ (Acer) - 1.61 TB free of 2.93 TB
[2025-12-21 16:30:11.812]   D:\ (Games) - 1.31 TB free of 3.27 TB
[2025-12-21 16:30:13.814] Found 2 drives:
[2025-12-21 16:30:13.816]   C:\ (Acer) - 1.61 TB free of 2.93 TB
[2025-12-21 16:30:13.816]   D:\ (Games) - 1.31 TB free of 3.27 TB
[2025-12-21 16:30:15.831] Found 2 drives:
[2025-12-21 16:30:15.835]   C:\ (Acer) - 1.61 TB free of 2.93 TB
[2025-12-21 16:30:15.835]   D:\ (Games) - 1.31 TB free of 3.27 TB
[2025-12-21 16:30:17.845] Found 2 drives:
[2025-12-21 16:30:17.847]   C:\ (Acer) - 1.61 TB free of 2.93 TB
[2025-12-21 16:30:17.847]   D:\ (Games) - 1.31 TB free of 3.27 TB
[2025-12-21 16:30:19.861] Found 2 drives:
[2025-12-21 16:30:19.863]   C:\ (Acer) - 1.61 TB free of 2.93 TB
[2025-12-21 16:30:19.863]   D:\ (Games) - 1.31 TB free of 3.27 TB
[2025-12-21 16:30:21.875] Found 2 drives:
[2025-12-21 16:30:21.876]   C:\ (Acer) - 1.61 TB free of 2.93 TB
[2025-12-21 16:30:21.877]   D:\ (Games) - 1.31 TB free of 3.27 TB
[2025-12-21 16:30:23.888] Found 2 drives:
[2025-12-21 16:30:23.889]   C:\ (Acer) - 1.61 TB free of 2.93 TB
[2025-12-21 16:30:23.889]   D:\ (Games) - 1.31 TB free of 3.27 TB
[2025-12-21 16:30:25.892] Found 2 drives:
[2025-12-21 16:30:25.892]   C:\ (Acer) - 1.61 TB free of 2.93 TB
[2025-12-21 16:30:25.893]   D:\ (Games) - 1.31 TB free of 3.27 TB
[2025-12-21 16:30:27.905] Found 2 drives:
[2025-12-21 16:30:27.906]   C:\ (Acer) - 1.61 TB free of 2.93 TB
[2025-12-21 16:30:27.906]   D:\ (Games) - 1.31 TB free of 3.27 TB
[2025-12-21 16:30:29.928] Found 2 drives:
[2025-12-21 16:30:29.929]   C:\ (Acer) - 1.61 TB free of 2.93 TB
[2025-12-21 16:30:29.929]   D:\ (Games) - 1.31 TB free of 3.27 TB
[2025-12-21 16:30:31.941] Found 2 drives:
[2025-12-21 16:30:31.942]   C:\ (Acer) - 1.61 TB free of 2.93 TB
[2025-12-21 16:30:31.943]   D:\ (Games) - 1.31 TB free of 3.27 TB
[2025-12-21 16:30:33.952] Found 2 drives:
[2025-12-21 16:30:33.953]   C:\ (Acer) - 1.61 TB free of 2.93 TB
[2025-12-21 16:30:33.953]   D:\ (Games) - 1.31 TB free of 3.27 TB
[2025-12-21 16:30:35.971] Found 2 drives:
[2025-12-21 16:30:35.972]   C:\ (Acer) - 1.61 TB free of 2.93 TB
[2025-12-21 16:30:35.972]   D:\ (Games) - 1.31 TB free of 3.27 TB
[2025-12-21 16:30:37.984] Found 2 drives:
[2025-12-21 16:30:37.985]   C:\ (Acer) - 1.61 TB free of 2.93 TB
[2025-12-21 16:30:37.986]   D:\ (Games) - 1.31 TB free of 3.27 TB
[2025-12-21 16:30:40.002] Found 2 drives:
[2025-12-21 16:30:40.005]   C:\ (Acer) - 1.61 TB free of 2.93 TB
[2025-12-21 16:30:40.005]   D:\ (Games) - 1.31 TB free of 3.27 TB
[2025-12-21 16:30:42.019] Found 2 drives:
[2025-12-21 16:30:42.020]   C:\ (Acer) - 1.61 TB free of 2.93 TB
[2025-12-21 16:30:42.020]   D:\ (Games) - 1.31 TB free of 3.27 TB
[2025-12-21 16:30:44.033] Found 2 drives:
[2025-12-21 16:30:44.034]   C:\ (Acer) - 1.61 TB free of 2.93 TB
[2025-12-21 16:30:44.035]   D:\ (Games) - 1.31 TB free of 3.27 TB
[2025-12-21 16:30:46.049] Found 2 drives:
[2025-12-21 16:30:46.050]   C:\ (Acer) - 1.61 TB free of 2.93 TB
[2025-12-21 16:30:46.051]   D:\ (Games) - 1.31 TB free of 3.27 TB
[2025-12-21 16:30:47.213] Switching mode to: File
[2025-12-21 16:30:47.213] ✓ Mode switched successfully
[2025-12-21 16:30:48.060] Found 2 drives:
[2025-12-21 16:30:48.060]   C:\ (Acer) - 1.61 TB free of 2.93 TB
[2025-12-21 16:30:48.061]   D:\ (Games) - 1.31 TB free of 3.27 TB
[2025-12-21 16:30:50.066] Found 2 drives:
[2025-12-21 16:30:50.067]   C:\ (Acer) - 1.61 TB free of 2.93 TB
[2025-12-21 16:30:50.068]   D:\ (Games) - 1.31 TB free of 3.27 TB
[2025-12-21 16:30:51.630] === SelectFolder_Click triggered ===
[2025-12-21 16:30:51.630] Opening folder dialog...
[2025-12-21 16:30:52.156] Found 2 drives:
[2025-12-21 16:30:52.158]   C:\ (Acer) - 1.61 TB free of 2.93 TB
[2025-12-21 16:30:52.158]   D:\ (Games) - 1.31 TB free of 3.27 TB
[2025-12-21 16:30:54.172] Found 2 drives:
[2025-12-21 16:30:54.173]   C:\ (Acer) - 1.61 TB free of 2.93 TB
[2025-12-21 16:30:54.174]   D:\ (Games) - 1.31 TB free of 3.27 TB
[2025-12-21 16:30:54.472] ✓ Folder selected: C:\Users\Jarrod\Downloads\Alan Wake 2 [FitGirl Repack]
[2025-12-21 16:30:54.472] Calculating folder size...
[2025-12-21 16:30:54.473] ✓ Folder size: 77.01 GB
[2025-12-21 16:30:55.280] === Compress_Click triggered ===
[2025-12-21 16:30:55.280] Compressing: C:\Users\Jarrod\Downloads\Alan Wake 2 [FitGirl Repack]
[2025-12-21 16:30:55.281] Using algorithm: LZX
[2025-12-21 16:30:55.281] Starting compression...
[2025-12-21 16:30:55.282] [COMPACT] Target path: C:\Users\Jarrod\Downloads\Alan Wake 2 [FitGirl Repack]
[2025-12-21 16:30:55.282] [COMPACT] Escaped path: C:\Users\Jarrod\Downloads\Alan Wake 2 [FitGirl Repack]
[2025-12-21 16:30:55.282] [COMPACT] Algorithm: LZX
[2025-12-21 16:30:55.282] [COMPACT] Full arguments: compact.exe /C /EXE:LZX /S "C:\Users\Jarrod\Downloads\Alan Wake 2 [FitGirl Repack]"
[2025-12-21 16:30:55.430] [COMPACT] Exit code: 0
[2025-12-21 16:30:55.430] [COMPACT] Duration: 0.15s
[2025-12-21 16:30:55.430] [COMPACT] STDOUT (8649 chars):
[2025-12-21 16:30:55.430]   
[2025-12-21 16:30:55.430]    Compressing files in C:\Users\Jarrod\Downloads\
[2025-12-21 16:30:55.430]   
[2025-12-21 16:30:55.430]   
[2025-12-21 16:30:55.430]    Compressing files in C:\Users\Jarrod\Downloads\ABDM\
[2025-12-21 16:30:55.430]   
[2025-12-21 16:30:55.430]   
[2025-12-21 16:30:55.430]    Compressing files in C:\Users\Jarrod\Downloads\ABDM\Compressed\
[2025-12-21 16:30:55.430]   
[2025-12-21 16:30:55.430]   
[2025-12-21 16:30:55.430]    Compressing files in C:\Users\Jarrod\Downloads\ABDM\Compressed\bypass-paywalls-chrome-clean-master\
[2025-12-21 16:30:55.430]   
[2025-12-21 16:30:55.430]   
[2025-12-21 16:30:55.430]    Compressing files in C:\Users\Jarrod\Downloads\ABDM\Compressed\bypass-paywalls-chrome-clean-master\bypass-paywalls-chrome-clean-master\
[2025-12-21 16:30:55.430]   
[2025-12-21 16:30:55.430]   
[2025-12-21 16:30:55.430]    Compressing files in C:\Users\Jarrod\Downloads\ABDM\Compressed\bypass-paywalls-chrome-clean-master\bypass-paywalls-chrome-clean-master\allowlist\
[2025-12-21 16:30:55.430]   
[2025-12-21 16:30:55.430]   
[2025-12-21 16:30:55.431]    Compressing files in C:\Users\Jarrod\Downloads\ABDM\Compressed\bypass-paywalls-chrome-clean-master\bypass-paywalls-chrome-clean-master\cs_local\
[2025-12-21 16:30:55.431] Compression result - Success: True
[2025-12-21 16:30:55.431] ✓ Compressed 0 files
[2025-12-21 16:30:55.431] ✓ Original: 0 B
[2025-12-21 16:30:55.431] ✓ Compressed: 0 B
[2025-12-21 16:30:55.431] ✓ Saved: 0 B (NaN)
[2025-12-21 16:30:55.431] === Compression complete ===
[2025-12-21 16:30:56.188] Found 2 drives:
[2025-12-21 16:30:56.189]   C:\ (Acer) - 1.61 TB free of 2.93 TB
[2025-12-21 16:30:56.190]   D:\ (Games) - 1.31 TB free of 3.27 TB
