[2025-12-21 19:43:15.333] === RamOptimizer Nova - Session Started ===
[2025-12-21 19:43:15.340] Log file: C:\Users\Jarrod\Desktop\VS Code Projects\Ram optimiser\publish\RamOptimizerNova\logs\RamOptimizer_2025-12-21_19-43-15.log
[2025-12-21 19:43:15.689] === MainWindow Initializing ===
[2025-12-21 19:43:16.272] Creating services...
[2025-12-21 19:43:24.924] Finding UI elements...
[2025-12-21 19:43:24.925] ✓ Found UI elements - CPU: True, GPU: True, Memory: True
[2025-12-21 19:43:24.925] Setting up metrics timer...
[2025-12-21 19:43:24.925] Initial metrics update...
[2025-12-21 19:43:24.967] Found 2 drives:
[2025-12-21 19:43:24.976]   C:\ (Acer) - 1.61 TB free of 2.93 TB
[2025-12-21 19:43:24.976]   D:\ (Games) - 1.31 TB free of 3.27 TB
[2025-12-21 19:43:24.976] Wiring compression UI...
[2025-12-21 19:43:24.977] Wiring compression buttons...
[2025-12-21 19:43:24.978] ✓ FileModeRadio wired
[2025-12-21 19:43:24.978] ✓ ProgramModeRadio wired
[2025-12-21 19:43:24.978] ✓ SelectFolderButton wired
[2025-12-21 19:43:24.978] ✓ ScanProgramsButton wired
[2025-12-21 19:43:24.979] ✓ CompressButton wired
[2025-12-21 19:43:24.979] ✓ DecompressButton wired
[2025-12-21 19:43:24.979] === All compression handlers wired successfully ===
[2025-12-21 19:43:24.979] === MainWindow Initialized Successfully ===
[2025-12-21 19:43:26.934] Found 2 drives:
[2025-12-21 19:43:26.943]   C:\ (Acer) - 1.61 TB free of 2.93 TB
[2025-12-21 19:43:26.943]   D:\ (Games) - 1.31 TB free of 3.27 TB
[2025-12-21 19:43:28.955] Found 2 drives:
[2025-12-21 19:43:28.958]   C:\ (Acer) - 1.61 TB free of 2.93 TB
[2025-12-21 19:43:28.958]   D:\ (Games) - 1.31 TB free of 3.27 TB
[2025-12-21 19:43:30.964] Found 2 drives:
[2025-12-21 19:43:30.967]   C:\ (Acer) - 1.61 TB free of 2.93 TB
[2025-12-21 19:43:30.967]   D:\ (Games) - 1.31 TB free of 3.27 TB
[2025-12-21 19:43:32.983] Found 2 drives:
[2025-12-21 19:43:32.984]   C:\ (Acer) - 1.61 TB free of 2.93 TB
[2025-12-21 19:43:32.985]   D:\ (Games) - 1.31 TB free of 3.27 TB
[2025-12-21 19:43:35.136] Found 2 drives:
[2025-12-21 19:43:35.137]   C:\ (Acer) - 1.61 TB free of 2.93 TB
[2025-12-21 19:43:35.137]   D:\ (Games) - 1.31 TB free of 3.27 TB
[2025-12-21 19:43:37.145] Found 2 drives:
[2025-12-21 19:43:37.147]   C:\ (Acer) - 1.61 TB free of 2.93 TB
[2025-12-21 19:43:37.148]   D:\ (Games) - 1.31 TB free of 3.27 TB
[2025-12-21 19:43:37.485] Switching mode to: Program
[2025-12-21 19:43:37.485] ✓ Mode switched successfully
[2025-12-21 19:43:38.390] === ScanPrograms_Click triggered ===
[2025-12-21 19:43:38.393] Starting program scan...
[2025-12-21 19:43:39.155] Found 2 drives:
[2025-12-21 19:43:39.156]   C:\ (Acer) - 1.61 TB free of 2.93 TB
[2025-12-21 19:43:39.156]   D:\ (Games) - 1.31 TB free of 3.27 TB
[2025-12-21 19:43:41.167] Found 2 drives:
[2025-12-21 19:43:41.168]   C:\ (Acer) - 1.61 TB free of 2.93 TB
[2025-12-21 19:43:41.169]   D:\ (Games) - 1.31 TB free of 3.27 TB
[2025-12-21 19:43:43.185] Found 2 drives:
[2025-12-21 19:43:43.186]   C:\ (Acer) - 1.61 TB free of 2.93 TB
[2025-12-21 19:43:43.186]   D:\ (Games) - 1.31 TB free of 3.27 TB
[2025-12-21 19:43:45.198] Found 2 drives:
[2025-12-21 19:43:45.199]   C:\ (Acer) - 1.61 TB free of 2.93 TB
[2025-12-21 19:43:45.199]   D:\ (Games) - 1.31 TB free of 3.27 TB
[2025-12-21 19:43:45.787] [COMPACT] IsCompressed output for ASUS:
[2025-12-21 19:43:45.787]   Listing C:\Program Files\
[2025-12-21 19:43:45.787]   New files added to this directory will not be compressed.
[2025-12-21 19:43:45.787]   0 :         0 = 1.0 to 1   ASUS
[2025-12-21 19:43:45.787]   Of 1 files within 1 directories
[2025-12-21 19:43:45.787]   0 are compressed and 1 are not compressed.
[2025-12-21 19:43:45.796] [COMPACT] Compressed count: 0
[2025-12-21 19:43:45.796] [COMPACT] Result: False
[2025-12-21 19:43:45.909] [COMPACT] IsCompressed output for Bitdefender:
[2025-12-21 19:43:45.909]   Listing C:\Program Files\
[2025-12-21 19:43:45.909]   New files added to this directory will not be compressed.
[2025-12-21 19:43:45.909]   0 :         0 = 1.0 to 1   Bitdefender
[2025-12-21 19:43:45.909]   Of 1 files within 1 directories
[2025-12-21 19:43:45.909]   0 are compressed and 1 are not compressed.
[2025-12-21 19:43:45.909] [COMPACT] Compressed count: 0
[2025-12-21 19:43:45.909] [COMPACT] Result: False
[2025-12-21 19:43:45.982] [COMPACT] IsCompressed output for BraveSoftware:
[2025-12-21 19:43:45.982]   Listing C:\Program Files\
[2025-12-21 19:43:45.982]   New files added to this directory will not be compressed.
[2025-12-21 19:43:45.982]   0 :         0 = 1.0 to 1   BraveSoftware
[2025-12-21 19:43:45.982]   Of 1 files within 1 directories
[2025-12-21 19:43:45.982]   0 are compressed and 1 are not compressed.
[2025-12-21 19:43:45.982] [COMPACT] Compressed count: 0
[2025-12-21 19:43:45.982] [COMPACT] Result: False
[2025-12-21 19:43:46.049] [COMPACT] IsCompressed output for Common Files:
[2025-12-21 19:43:46.049]   Listing C:\Program Files\
[2025-12-21 19:43:46.049]   New files added to this directory will not be compressed.
[2025-12-21 19:43:46.049]   0 :         0 = 1.0 to 1   Common Files
[2025-12-21 19:43:46.049]   Of 1 files within 1 directories
[2025-12-21 19:43:46.049]   0 are compressed and 1 are not compressed.
[2025-12-21 19:43:46.049] [COMPACT] Compressed count: 0
[2025-12-21 19:43:46.049] [COMPACT] Result: False
[2025-12-21 19:43:46.109] [COMPACT] IsCompressed output for cursor:
[2025-12-21 19:43:46.109]   Listing C:\Program Files\
[2025-12-21 19:43:46.109]   New files added to this directory will not be compressed.
[2025-12-21 19:43:46.109]   0 :         0 = 1.0 to 1   cursor
[2025-12-21 19:43:46.109]   Of 1 files within 1 directories
[2025-12-21 19:43:46.109]   0 are compressed and 1 are not compressed.
[2025-12-21 19:43:46.109] [COMPACT] Compressed count: 0
[2025-12-21 19:43:46.109] [COMPACT] Result: False
[2025-12-21 19:43:46.170] [COMPACT] IsCompressed output for Docker:
[2025-12-21 19:43:46.170]   Listing C:\Program Files\
[2025-12-21 19:43:46.170]   New files added to this directory will not be compressed.
[2025-12-21 19:43:46.170]   0 :         0 = 1.0 to 1   Docker
[2025-12-21 19:43:46.170]   Of 1 files within 1 directories
[2025-12-21 19:43:46.170]   0 are compressed and 1 are not compressed.
[2025-12-21 19:43:46.170] [COMPACT] Compressed count: 0
[2025-12-21 19:43:46.170] [COMPACT] Result: False
[2025-12-21 19:43:46.246] [COMPACT] IsCompressed output for dotnet:
[2025-12-21 19:43:46.246]   Listing C:\Program Files\
[2025-12-21 19:43:46.246]   New files added to this directory will not be compressed.
[2025-12-21 19:43:46.246]   0 :         0 = 1.0 to 1   dotnet
[2025-12-21 19:43:46.246]   Of 1 files within 1 directories
[2025-12-21 19:43:46.246]   0 are compressed and 1 are not compressed.
[2025-12-21 19:43:46.246] [COMPACT] Compressed count: 0
[2025-12-21 19:43:46.246] [COMPACT] Result: False
[2025-12-21 19:43:46.316] [COMPACT] IsCompressed output for EA Games:
[2025-12-21 19:43:46.316]   Listing C:\Program Files\
[2025-12-21 19:43:46.316]   New files added to this directory will not be compressed.
[2025-12-21 19:43:46.316]   0 :         0 = 1.0 to 1   EA Games
[2025-12-21 19:43:46.316]   Of 1 files within 1 directories
[2025-12-21 19:43:46.316]   0 are compressed and 1 are not compressed.
[2025-12-21 19:43:46.316] [COMPACT] Compressed count: 0
[2025-12-21 19:43:46.316] [COMPACT] Result: False
[2025-12-21 19:43:46.385] [COMPACT] IsCompressed output for Electronic Arts:
[2025-12-21 19:43:46.385]   Listing C:\Program Files\
[2025-12-21 19:43:46.385]   New files added to this directory will not be compressed.
[2025-12-21 19:43:46.385]   0 :         0 = 1.0 to 1   Electronic Arts
[2025-12-21 19:43:46.385]   Of 1 files within 1 directories
[2025-12-21 19:43:46.385]   0 are compressed and 1 are not compressed.
[2025-12-21 19:43:46.385] [COMPACT] Compressed count: 0
[2025-12-21 19:43:46.385] [COMPACT] Result: False
[2025-12-21 19:43:46.467] [COMPACT] IsCompressed output for Epic Games:
[2025-12-21 19:43:46.467]   Listing C:\Program Files\
[2025-12-21 19:43:46.467]   New files added to this directory will not be compressed.
[2025-12-21 19:43:46.467]   0 :         0 = 1.0 to 1   Epic Games
[2025-12-21 19:43:46.467]   Of 1 files within 1 directories
[2025-12-21 19:43:46.467]   0 are compressed and 1 are not compressed.
[2025-12-21 19:43:46.467] [COMPACT] Compressed count: 0
[2025-12-21 19:43:46.467] [COMPACT] Result: False
[2025-12-21 19:43:46.534] [COMPACT] IsCompressed output for FastFlix:
[2025-12-21 19:43:46.534]   Listing C:\Program Files\
[2025-12-21 19:43:46.534]   New files added to this directory will not be compressed.
[2025-12-21 19:43:46.534]   0 :         0 = 1.0 to 1   FastFlix
[2025-12-21 19:43:46.534]   Of 1 files within 1 directories
[2025-12-21 19:43:46.534]   0 are compressed and 1 are not compressed.
[2025-12-21 19:43:46.534] [COMPACT] Compressed count: 0
[2025-12-21 19:43:46.534] [COMPACT] Result: False
[2025-12-21 19:43:46.620] [COMPACT] IsCompressed output for Git:
[2025-12-21 19:43:46.620]   Listing C:\Program Files\
[2025-12-21 19:43:46.620]   New files added to this directory will not be compressed.
[2025-12-21 19:43:46.620]   0 :         0 = 1.0 to 1   Git
[2025-12-21 19:43:46.620]   Of 1 files within 1 directories
[2025-12-21 19:43:46.620]   0 are compressed and 1 are not compressed.
[2025-12-21 19:43:46.620] [COMPACT] Compressed count: 0
[2025-12-21 19:43:46.620] [COMPACT] Result: False
[2025-12-21 19:43:46.684] [COMPACT] IsCompressed output for HandBrake:
[2025-12-21 19:43:46.684]   Listing C:\Program Files\
[2025-12-21 19:43:46.684]   New files added to this directory will not be compressed.
[2025-12-21 19:43:46.684]   0 :         0 = 1.0 to 1   HandBrake
[2025-12-21 19:43:46.684]   Of 1 files within 1 directories
[2025-12-21 19:43:46.684]   0 are compressed and 1 are not compressed.
[2025-12-21 19:43:46.684] [COMPACT] Compressed count: 0
[2025-12-21 19:43:46.684] [COMPACT] Result: False
[2025-12-21 19:43:46.748] [COMPACT] IsCompressed output for Hasleo:
[2025-12-21 19:43:46.748]   Listing C:\Program Files\
[2025-12-21 19:43:46.748]   New files added to this directory will not be compressed.
[2025-12-21 19:43:46.748]   0 :         0 = 1.0 to 1   Hasleo
[2025-12-21 19:43:46.748]   Of 1 files within 1 directories
[2025-12-21 19:43:46.748]   0 are compressed and 1 are not compressed.
[2025-12-21 19:43:46.748] [COMPACT] Compressed count: 0
[2025-12-21 19:43:46.748] [COMPACT] Result: False
[2025-12-21 19:43:46.821] [COMPACT] IsCompressed output for Hayase:
[2025-12-21 19:43:46.821]   Listing C:\Program Files\
[2025-12-21 19:43:46.821]   New files added to this directory will not be compressed.
[2025-12-21 19:43:46.821]   0 :         0 = 1.0 to 1   Hayase
[2025-12-21 19:43:46.821]   Of 1 files within 1 directories
[2025-12-21 19:43:46.821]   0 are compressed and 1 are not compressed.
[2025-12-21 19:43:46.821] [COMPACT] Compressed count: 0
[2025-12-21 19:43:46.821] [COMPACT] Result: False
[2025-12-21 19:43:46.911] [COMPACT] IsCompressed output for Java:
[2025-12-21 19:43:46.911]   Listing C:\Program Files\
[2025-12-21 19:43:46.911]   New files added to this directory will not be compressed.
[2025-12-21 19:43:46.911]   0 :         0 = 1.0 to 1   Java
[2025-12-21 19:43:46.911]   Of 1 files within 1 directories
[2025-12-21 19:43:46.911]   0 are compressed and 1 are not compressed.
[2025-12-21 19:43:46.911] [COMPACT] Compressed count: 0
[2025-12-21 19:43:46.911] [COMPACT] Result: False
[2025-12-21 19:43:46.991] [COMPACT] IsCompressed output for Macrium:
[2025-12-21 19:43:46.991]   Listing C:\Program Files\
[2025-12-21 19:43:46.991]   New files added to this directory will not be compressed.
[2025-12-21 19:43:46.991]   0 :         0 = 1.0 to 1   Macrium
[2025-12-21 19:43:46.991]   Of 1 files within 1 directories
[2025-12-21 19:43:46.991]   0 are compressed and 1 are not compressed.
[2025-12-21 19:43:46.991] [COMPACT] Compressed count: 0
[2025-12-21 19:43:46.991] [COMPACT] Result: False
[2025-12-21 19:43:47.052] [COMPACT] IsCompressed output for MiniTool Partition Wizard 13:
[2025-12-21 19:43:47.052]   Listing C:\Program Files\
[2025-12-21 19:43:47.052]   New files added to this directory will not be compressed.
[2025-12-21 19:43:47.053]   0 :         0 = 1.0 to 1   MiniTool Partition Wizard 13
[2025-12-21 19:43:47.053]   Of 1 files within 1 directories
[2025-12-21 19:43:47.053]   0 are compressed and 1 are not compressed.
[2025-12-21 19:43:47.053] [COMPACT] Compressed count: 0
[2025-12-21 19:43:47.053] [COMPACT] Result: False
[2025-12-21 19:43:47.129] [COMPACT] IsCompressed output for Mozilla Firefox:
[2025-12-21 19:43:47.129]   Listing C:\Program Files\
[2025-12-21 19:43:47.129]   New files added to this directory will not be compressed.
[2025-12-21 19:43:47.129]   0 :         0 = 1.0 to 1   Mozilla Firefox
[2025-12-21 19:43:47.129]   Of 1 files within 1 directories
[2025-12-21 19:43:47.129]   0 are compressed and 1 are not compressed.
[2025-12-21 19:43:47.129] [COMPACT] Compressed count: 0
[2025-12-21 19:43:47.129] [COMPACT] Result: False
[2025-12-21 19:43:47.193] [COMPACT] IsCompressed output for NAPS2:
[2025-12-21 19:43:47.193]   Listing C:\Program Files\
[2025-12-21 19:43:47.193]   New files added to this directory will not be compressed.
[2025-12-21 19:43:47.193]   0 :         0 = 1.0 to 1   NAPS2
[2025-12-21 19:43:47.193]   Of 1 files within 1 directories
[2025-12-21 19:43:47.193]   0 are compressed and 1 are not compressed.
[2025-12-21 19:43:47.193] [COMPACT] Compressed count: 0
[2025-12-21 19:43:47.193] [COMPACT] Result: False
[2025-12-21 19:43:47.216] Found 2 drives:
[2025-12-21 19:43:47.218]   C:\ (Acer) - 1.61 TB free of 2.93 TB
[2025-12-21 19:43:47.218]   D:\ (Games) - 1.31 TB free of 3.27 TB
[2025-12-21 19:43:47.279] [COMPACT] IsCompressed output for NitroSense:
[2025-12-21 19:43:47.279]   Listing C:\Program Files\
[2025-12-21 19:43:47.279]   New files added to this directory will not be compressed.
[2025-12-21 19:43:47.279]   0 :         0 = 1.0 to 1   NitroSense
[2025-12-21 19:43:47.279]   Of 1 files within 1 directories
[2025-12-21 19:43:47.279]   0 are compressed and 1 are not compressed.
[2025-12-21 19:43:47.280] [COMPACT] Compressed count: 0
[2025-12-21 19:43:47.280] [COMPACT] Result: False
[2025-12-21 19:43:47.343] [COMPACT] IsCompressed output for NVIDIA Corporation:
[2025-12-21 19:43:47.343]   Listing C:\Program Files\
[2025-12-21 19:43:47.343]   New files added to this directory will not be compressed.
[2025-12-21 19:43:47.343]   0 :         0 = 1.0 to 1   NVIDIA Corporation
[2025-12-21 19:43:47.343]   Of 1 files within 1 directories
[2025-12-21 19:43:47.343]   0 are compressed and 1 are not compressed.
[2025-12-21 19:43:47.343] [COMPACT] Compressed count: 0
[2025-12-21 19:43:47.343] [COMPACT] Result: False
[2025-12-21 19:43:47.433] [COMPACT] IsCompressed output for obs-studio:
[2025-12-21 19:43:47.433]   Listing C:\Program Files\
[2025-12-21 19:43:47.433]   New files added to this directory will not be compressed.
[2025-12-21 19:43:47.433]   0 :         0 = 1.0 to 1   obs-studio
[2025-12-21 19:43:47.433]   Of 1 files within 1 directories
[2025-12-21 19:43:47.433]   0 are compressed and 1 are not compressed.
[2025-12-21 19:43:47.434] [COMPACT] Compressed count: 0
[2025-12-21 19:43:47.434] [COMPACT] Result: False
[2025-12-21 19:43:47.522] [COMPACT] IsCompressed output for Oculus:
[2025-12-21 19:43:47.522]   Listing C:\Program Files\
[2025-12-21 19:43:47.522]   New files added to this directory will not be compressed.
[2025-12-21 19:43:47.522]   0 :         0 = 1.0 to 1   Oculus
[2025-12-21 19:43:47.523]   Of 1 files within 1 directories
[2025-12-21 19:43:47.523]   0 are compressed and 1 are not compressed.
[2025-12-21 19:43:47.523] [COMPACT] Compressed count: 0
[2025-12-21 19:43:47.523] [COMPACT] Result: False
[2025-12-21 19:43:47.602] [COMPACT] IsCompressed output for PowerShell:
[2025-12-21 19:43:47.602]   Listing C:\Program Files\
[2025-12-21 19:43:47.602]   New files added to this directory will not be compressed.
[2025-12-21 19:43:47.602]   0 :         0 = 1.0 to 1   PowerShell
[2025-12-21 19:43:47.602]   Of 1 files within 1 directories
[2025-12-21 19:43:47.602]   0 are compressed and 1 are not compressed.
[2025-12-21 19:43:47.602] [COMPACT] Compressed count: 0
[2025-12-21 19:43:47.602] [COMPACT] Result: False
[2025-12-21 19:43:47.688] [COMPACT] IsCompressed output for qBittorrent:
[2025-12-21 19:43:47.688]   Listing C:\Program Files\
[2025-12-21 19:43:47.688]   New files added to this directory will not be compressed.
[2025-12-21 19:43:47.688]   0 :         0 = 1.0 to 1   qBittorrent
[2025-12-21 19:43:47.688]   Of 1 files within 1 directories
[2025-12-21 19:43:47.688]   0 are compressed and 1 are not compressed.
[2025-12-21 19:43:47.688] [COMPACT] Compressed count: 0
[2025-12-21 19:43:47.688] [COMPACT] Result: False
[2025-12-21 19:43:47.788] [COMPACT] IsCompressed output for Session:
[2025-12-21 19:43:47.788]   Listing C:\Program Files\
[2025-12-21 19:43:47.788]   New files added to this directory will not be compressed.
[2025-12-21 19:43:47.788]   0 :         0 = 1.0 to 1   Session
[2025-12-21 19:43:47.788]   Of 1 files within 1 directories
[2025-12-21 19:43:47.788]   0 are compressed and 1 are not compressed.
[2025-12-21 19:43:47.788] [COMPACT] Compressed count: 0
[2025-12-21 19:43:47.788] [COMPACT] Result: False
[2025-12-21 19:43:47.860] [COMPACT] IsCompressed output for ShareX:
[2025-12-21 19:43:47.860]   Listing C:\Program Files\
[2025-12-21 19:43:47.860]   New files added to this directory will not be compressed.
[2025-12-21 19:43:47.860]   0 :         0 = 1.0 to 1   ShareX
[2025-12-21 19:43:47.860]   Of 1 files within 1 directories
[2025-12-21 19:43:47.860]   0 are compressed and 1 are not compressed.
[2025-12-21 19:43:47.860] [COMPACT] Compressed count: 0
[2025-12-21 19:43:47.860] [COMPACT] Result: False
[2025-12-21 19:43:47.959] [COMPACT] IsCompressed output for Spacedrive:
[2025-12-21 19:43:47.959]   Listing C:\Program Files\
[2025-12-21 19:43:47.959]   New files added to this directory will not be compressed.
[2025-12-21 19:43:47.959]   0 :         0 = 1.0 to 1   Spacedrive
[2025-12-21 19:43:47.959]   Of 1 files within 1 directories
[2025-12-21 19:43:47.959]   0 are compressed and 1 are not compressed.
[2025-12-21 19:43:47.959] [COMPACT] Compressed count: 0
[2025-12-21 19:43:47.959] [COMPACT] Result: False
[2025-12-21 19:43:48.022] [COMPACT] IsCompressed output for SteelSeries:
[2025-12-21 19:43:48.022]   Listing C:\Program Files\
[2025-12-21 19:43:48.022]   New files added to this directory will not be compressed.
[2025-12-21 19:43:48.022]   0 :         0 = 1.0 to 1   SteelSeries
[2025-12-21 19:43:48.022]   Of 1 files within 1 directories
[2025-12-21 19:43:48.022]   0 are compressed and 1 are not compressed.
[2025-12-21 19:43:48.022] [COMPACT] Compressed count: 0
[2025-12-21 19:43:48.022] [COMPACT] Result: False
[2025-12-21 19:43:48.089] [COMPACT] IsCompressed output for UniGetUI:
[2025-12-21 19:43:48.089]   Listing C:\Program Files\
[2025-12-21 19:43:48.089]   New files added to this directory will not be compressed.
[2025-12-21 19:43:48.089]   0 :         0 = 1.0 to 1   UniGetUI
[2025-12-21 19:43:48.089]   Of 1 files within 1 directories
[2025-12-21 19:43:48.089]   0 are compressed and 1 are not compressed.
[2025-12-21 19:43:48.089] [COMPACT] Compressed count: 0
[2025-12-21 19:43:48.089] [COMPACT] Result: False
[2025-12-21 19:43:48.158] [COMPACT] IsCompressed output for VideoLAN:
[2025-12-21 19:43:48.158]   Listing C:\Program Files\
[2025-12-21 19:43:48.158]   New files added to this directory will not be compressed.
[2025-12-21 19:43:48.158]   0 :         0 = 1.0 to 1   VideoLAN
[2025-12-21 19:43:48.158]   Of 1 files within 1 directories
[2025-12-21 19:43:48.158]   0 are compressed and 1 are not compressed.
[2025-12-21 19:43:48.158] [COMPACT] Compressed count: 0
[2025-12-21 19:43:48.158] [COMPACT] Result: False
[2025-12-21 19:43:48.253] [COMPACT] IsCompressed output for WindowsApps:
[2025-12-21 19:43:48.253]   Listing C:\Program Files\
[2025-12-21 19:43:48.253]   New files added to this directory will not be compressed.
[2025-12-21 19:43:48.253]   Of 1 files within 1 directories
[2025-12-21 19:43:48.253]   0 are compressed and 1 are not compressed.
[2025-12-21 19:43:48.253]   0 total bytes of data are stored in 0 bytes.
[2025-12-21 19:43:48.253] [COMPACT] Compressed count: 0
[2025-12-21 19:43:48.253] [COMPACT] Result: False
[2025-12-21 19:43:48.343] [COMPACT] IsCompressed output for WSL:
[2025-12-21 19:43:48.343]   Listing C:\Program Files\
[2025-12-21 19:43:48.343]   New files added to this directory will not be compressed.
[2025-12-21 19:43:48.343]   0 :         0 = 1.0 to 1   WSL
[2025-12-21 19:43:48.343]   Of 1 files within 1 directories
[2025-12-21 19:43:48.343]   0 are compressed and 1 are not compressed.
[2025-12-21 19:43:48.343] [COMPACT] Compressed count: 0
[2025-12-21 19:43:48.343] [COMPACT] Result: False
[2025-12-21 19:43:48.412] [COMPACT] IsCompressed output for ASUS:
[2025-12-21 19:43:48.413]   Listing C:\Program Files (x86)\
[2025-12-21 19:43:48.413]   New files added to this directory will not be compressed.
[2025-12-21 19:43:48.413]   0 :         0 = 1.0 to 1   ASUS
[2025-12-21 19:43:48.413]   Of 1 files within 1 directories
[2025-12-21 19:43:48.413]   0 are compressed and 1 are not compressed.
[2025-12-21 19:43:48.413] [COMPACT] Compressed count: 0
[2025-12-21 19:43:48.413] [COMPACT] Result: False
[2025-12-21 19:43:48.479] [COMPACT] IsCompressed output for Battle.net:
[2025-12-21 19:43:48.479]   Listing C:\Program Files (x86)\
[2025-12-21 19:43:48.479]   New files added to this directory will not be compressed.
[2025-12-21 19:43:48.479]   0 :         0 = 1.0 to 1   Battle.net
[2025-12-21 19:43:48.479]   Of 1 files within 1 directories
[2025-12-21 19:43:48.479]   0 are compressed and 1 are not compressed.
[2025-12-21 19:43:48.479] [COMPACT] Compressed count: 0
[2025-12-21 19:43:48.479] [COMPACT] Result: False
[2025-12-21 19:43:48.545] [COMPACT] IsCompressed output for BraveSoftware:
[2025-12-21 19:43:48.545]   Listing C:\Program Files (x86)\
[2025-12-21 19:43:48.545]   New files added to this directory will not be compressed.
[2025-12-21 19:43:48.545]   0 :         0 = 1.0 to 1   BraveSoftware
[2025-12-21 19:43:48.545]   Of 1 files within 1 directories
[2025-12-21 19:43:48.545]   0 are compressed and 1 are not compressed.
[2025-12-21 19:43:48.545] [COMPACT] Compressed count: 0
[2025-12-21 19:43:48.545] [COMPACT] Result: False
[2025-12-21 19:43:48.617] [COMPACT] IsCompressed output for Canon:
[2025-12-21 19:43:48.617]   Listing C:\Program Files (x86)\
[2025-12-21 19:43:48.617]   New files added to this directory will not be compressed.
[2025-12-21 19:43:48.617]   0 :         0 = 1.0 to 1   Canon
[2025-12-21 19:43:48.617]   Of 1 files within 1 directories
[2025-12-21 19:43:48.617]   0 are compressed and 1 are not compressed.
[2025-12-21 19:43:48.617] [COMPACT] Compressed count: 0
[2025-12-21 19:43:48.617] [COMPACT] Result: False
[2025-12-21 19:43:48.688] [COMPACT] IsCompressed output for Digiarty:
[2025-12-21 19:43:48.689]   Listing C:\Program Files (x86)\
[2025-12-21 19:43:48.689]   New files added to this directory will not be compressed.
[2025-12-21 19:43:48.689]   0 :         0 = 1.0 to 1   Digiarty
[2025-12-21 19:43:48.689]   Of 1 files within 1 directories
[2025-12-21 19:43:48.689]   0 are compressed and 1 are not compressed.
[2025-12-21 19:43:48.689] [COMPACT] Compressed count: 0
[2025-12-21 19:43:48.689] [COMPACT] Result: False
[2025-12-21 19:43:48.752] [COMPACT] IsCompressed output for Epic Games:
[2025-12-21 19:43:48.752]   Listing C:\Program Files (x86)\
[2025-12-21 19:43:48.752]   New files added to this directory will not be compressed.
[2025-12-21 19:43:48.752]   0 :         0 = 1.0 to 1   Epic Games
[2025-12-21 19:43:48.753]   Of 1 files within 1 directories
[2025-12-21 19:43:48.753]   0 are compressed and 1 are not compressed.
[2025-12-21 19:43:48.753] [COMPACT] Compressed count: 0
[2025-12-21 19:43:48.753] [COMPACT] Result: False
[2025-12-21 19:43:48.817] [COMPACT] IsCompressed output for GOG Galaxy:
[2025-12-21 19:43:48.817]   Listing C:\Program Files (x86)\
[2025-12-21 19:43:48.817]   New files added to this directory will not be compressed.
[2025-12-21 19:43:48.817]   0 :         0 = 1.0 to 1   GOG Galaxy
[2025-12-21 19:43:48.817]   Of 1 files within 1 directories
[2025-12-21 19:43:48.817]   0 are compressed and 1 are not compressed.
[2025-12-21 19:43:48.817] [COMPACT] Compressed count: 0
[2025-12-21 19:43:48.817] [COMPACT] Result: False
[2025-12-21 19:43:48.909] [COMPACT] IsCompressed output for InstallShield Installation Information:
[2025-12-21 19:43:48.909]   Listing C:\Program Files (x86)\
[2025-12-21 19:43:48.909]   New files added to this directory will not be compressed.
[2025-12-21 19:43:48.909]   Of 1 files within 1 directories
[2025-12-21 19:43:48.909]   0 are compressed and 1 are not compressed.
[2025-12-21 19:43:48.909]   0 total bytes of data are stored in 0 bytes.
[2025-12-21 19:43:48.909] [COMPACT] Compressed count: 0
[2025-12-21 19:43:48.909] [COMPACT] Result: False
[2025-12-21 19:43:48.989] [COMPACT] IsCompressed output for Microsoft:
[2025-12-21 19:43:48.989]   Listing C:\Program Files (x86)\
[2025-12-21 19:43:48.989]   New files added to this directory will not be compressed.
[2025-12-21 19:43:48.989]   0 :         0 = 1.0 to 1   Microsoft
[2025-12-21 19:43:48.989]   Of 1 files within 1 directories
[2025-12-21 19:43:48.989]   0 are compressed and 1 are not compressed.
[2025-12-21 19:43:48.989] [COMPACT] Compressed count: 0
[2025-12-21 19:43:48.989] [COMPACT] Result: False
[2025-12-21 19:43:49.059] [COMPACT] IsCompressed output for MSI Afterburner:
[2025-12-21 19:43:49.059]   Listing C:\Program Files (x86)\
[2025-12-21 19:43:49.059]   New files added to this directory will not be compressed.
[2025-12-21 19:43:49.059]   0 :         0 = 1.0 to 1   MSI Afterburner
[2025-12-21 19:43:49.059]   Of 1 files within 1 directories
[2025-12-21 19:43:49.059]   0 are compressed and 1 are not compressed.
[2025-12-21 19:43:49.059] [COMPACT] Compressed count: 0
[2025-12-21 19:43:49.059] [COMPACT] Result: False
[2025-12-21 19:43:49.134] [COMPACT] IsCompressed output for NetRatingsNetSight:
[2025-12-21 19:43:49.134]   Listing C:\Program Files (x86)\
[2025-12-21 19:43:49.134]   New files added to this directory will not be compressed.
[2025-12-21 19:43:49.134]   0 :         0 = 1.0 to 1   NetRatingsNetSight
[2025-12-21 19:43:49.134]   Of 1 files within 1 directories
[2025-12-21 19:43:49.134]   0 are compressed and 1 are not compressed.
[2025-12-21 19:43:49.134] [COMPACT] Compressed count: 0
[2025-12-21 19:43:49.134] [COMPACT] Result: False
[2025-12-21 19:43:49.223] [COMPACT] IsCompressed output for NVIDIA Corporation:
[2025-12-21 19:43:49.223]   Listing C:\Program Files (x86)\
[2025-12-21 19:43:49.223]   New files added to this directory will not be compressed.
[2025-12-21 19:43:49.223]   0 :         0 = 1.0 to 1   NVIDIA Corporation
[2025-12-21 19:43:49.223]   Of 1 files within 1 directories
[2025-12-21 19:43:49.223]   0 are compressed and 1 are not compressed.
[2025-12-21 19:43:49.223] [COMPACT] Compressed count: 0
[2025-12-21 19:43:49.223] [COMPACT] Result: False
[2025-12-21 19:43:49.234] Found 2 drives:
[2025-12-21 19:43:49.236]   C:\ (Acer) - 1.61 TB free of 2.93 TB
[2025-12-21 19:43:49.236]   D:\ (Games) - 1.31 TB free of 3.27 TB
[2025-12-21 19:43:49.304] [COMPACT] IsCompressed output for R-Studio Technician:
[2025-12-21 19:43:49.304]   Listing C:\Program Files (x86)\
[2025-12-21 19:43:49.304]   New files added to this directory will not be compressed.
[2025-12-21 19:43:49.304]   0 :         0 = 1.0 to 1   R-Studio Technician
[2025-12-21 19:43:49.304]   Of 1 files within 1 directories
[2025-12-21 19:43:49.304]   0 are compressed and 1 are not compressed.
[2025-12-21 19:43:49.304] [COMPACT] Compressed count: 0
[2025-12-21 19:43:49.304] [COMPACT] Result: False
[2025-12-21 19:43:49.383] [COMPACT] IsCompressed output for Radmin VPN:
[2025-12-21 19:43:49.383]   Listing C:\Program Files (x86)\
[2025-12-21 19:43:49.383]   New files added to this directory will not be compressed.
[2025-12-21 19:43:49.383]   0 :         0 = 1.0 to 1   Radmin VPN
[2025-12-21 19:43:49.383]   Of 1 files within 1 directories
[2025-12-21 19:43:49.383]   0 are compressed and 1 are not compressed.
[2025-12-21 19:43:49.383] [COMPACT] Compressed count: 0
[2025-12-21 19:43:49.383] [COMPACT] Result: False
[2025-12-21 19:43:49.460] [COMPACT] IsCompressed output for REAL Video Enhancer:
[2025-12-21 19:43:49.460]   Listing C:\Program Files (x86)\
[2025-12-21 19:43:49.460]   New files added to this directory will not be compressed.
[2025-12-21 19:43:49.460]   0 :         0 = 1.0 to 1   REAL Video Enhancer
[2025-12-21 19:43:49.460]   Of 1 files within 1 directories
[2025-12-21 19:43:49.460]   0 are compressed and 1 are not compressed.
[2025-12-21 19:43:49.460] [COMPACT] Compressed count: 0
[2025-12-21 19:43:49.460] [COMPACT] Result: False
[2025-12-21 19:43:49.546] [COMPACT] IsCompressed output for RivaTuner Statistics Server:
[2025-12-21 19:43:49.546]   Listing C:\Program Files (x86)\
[2025-12-21 19:43:49.546]   New files added to this directory will not be compressed.
[2025-12-21 19:43:49.546]   0 :         0 = 1.0 to 1   RivaTuner Statistics Server
[2025-12-21 19:43:49.546]   Of 1 files within 1 directories
[2025-12-21 19:43:49.546]   0 are compressed and 1 are not compressed.
[2025-12-21 19:43:49.546] [COMPACT] Compressed count: 0
[2025-12-21 19:43:49.546] [COMPACT] Result: False
[2025-12-21 19:43:49.630] [COMPACT] IsCompressed output for Samsung:
[2025-12-21 19:43:49.630]   Listing C:\Program Files (x86)\
[2025-12-21 19:43:49.630]   New files added to this directory will not be compressed.
[2025-12-21 19:43:49.630]   0 :         0 = 1.0 to 1   Samsung
[2025-12-21 19:43:49.630]   Of 1 files within 1 directories
[2025-12-21 19:43:49.630]   0 are compressed and 1 are not compressed.
[2025-12-21 19:43:49.630] [COMPACT] Compressed count: 0
[2025-12-21 19:43:49.630] [COMPACT] Result: False
[2025-12-21 19:43:49.692] [COMPACT] IsCompressed output for Steam:
[2025-12-21 19:43:49.692]   Listing C:\Program Files (x86)\
[2025-12-21 19:43:49.692]   New files added to this directory will not be compressed.
[2025-12-21 19:43:49.692]   0 :         0 = 1.0 to 1   Steam
[2025-12-21 19:43:49.692]   Of 1 files within 1 directories
[2025-12-21 19:43:49.692]   0 are compressed and 1 are not compressed.
[2025-12-21 19:43:49.692] [COMPACT] Compressed count: 0
[2025-12-21 19:43:49.692] [COMPACT] Result: False
[2025-12-21 19:43:49.754] [COMPACT] IsCompressed output for Ubisoft:
[2025-12-21 19:43:49.755]   Listing C:\Program Files (x86)\
[2025-12-21 19:43:49.755]   New files added to this directory will not be compressed.
[2025-12-21 19:43:49.755]   0 :         0 = 1.0 to 1   Ubisoft
[2025-12-21 19:43:49.755]   Of 1 files within 1 directories
[2025-12-21 19:43:49.755]   0 are compressed and 1 are not compressed.
[2025-12-21 19:43:49.755] [COMPACT] Compressed count: 0
[2025-12-21 19:43:49.755] [COMPACT] Result: False
[2025-12-21 19:43:49.818] [COMPACT] IsCompressed output for 100 Radioactive Cats:
[2025-12-21 19:43:49.818]   Listing C:\Program Files (x86)\Steam\steamapps\common\
[2025-12-21 19:43:49.818]   New files added to this directory will not be compressed.
[2025-12-21 19:43:49.818]   0 :         0 = 1.0 to 1   100 Radioactive Cats
[2025-12-21 19:43:49.818]   Of 1 files within 1 directories
[2025-12-21 19:43:49.818]   0 are compressed and 1 are not compressed.
[2025-12-21 19:43:49.818] [COMPACT] Compressed count: 0
[2025-12-21 19:43:49.818] [COMPACT] Result: False
[2025-12-21 19:43:49.888] [COMPACT] IsCompressed output for ASimpleJob:
[2025-12-21 19:43:49.888]   Listing C:\Program Files (x86)\Steam\steamapps\common\
[2025-12-21 19:43:49.888]   New files added to this directory will not be compressed.
[2025-12-21 19:43:49.888]   0 :         0 = 1.0 to 1   ASimpleJob
[2025-12-21 19:43:49.888]   Of 1 files within 1 directories
[2025-12-21 19:43:49.888]   0 are compressed and 1 are not compressed.
[2025-12-21 19:43:49.888] [COMPACT] Compressed count: 0
[2025-12-21 19:43:49.888] [COMPACT] Result: False
[2025-12-21 19:43:49.970] [COMPACT] IsCompressed output for Cash Cleaner Simulator:
[2025-12-21 19:43:49.970]   Listing C:\Program Files (x86)\Steam\steamapps\common\
[2025-12-21 19:43:49.970]   New files added to this directory will not be compressed.
[2025-12-21 19:43:49.970]   0 :         0 = 1.0 to 1   Cash Cleaner Simulator
[2025-12-21 19:43:49.970]   Of 1 files within 1 directories
[2025-12-21 19:43:49.970]   0 are compressed and 1 are not compressed.
[2025-12-21 19:43:49.971] [COMPACT] Compressed count: 0
[2025-12-21 19:43:49.971] [COMPACT] Result: False
[2025-12-21 19:43:50.039] [COMPACT] IsCompressed output for Clockwork Cleanup:
[2025-12-21 19:43:50.039]   Listing C:\Program Files (x86)\Steam\steamapps\common\
[2025-12-21 19:43:50.039]   New files added to this directory will not be compressed.
[2025-12-21 19:43:50.039]   0 :         0 = 1.0 to 1   Clockwork Cleanup
[2025-12-21 19:43:50.039]   Of 1 files within 1 directories
[2025-12-21 19:43:50.039]   0 are compressed and 1 are not compressed.
[2025-12-21 19:43:50.039] [COMPACT] Compressed count: 0
[2025-12-21 19:43:50.039] [COMPACT] Result: False
[2025-12-21 19:43:50.110] [COMPACT] IsCompressed output for CloverPit:
[2025-12-21 19:43:50.110]   Listing C:\Program Files (x86)\Steam\steamapps\common\
[2025-12-21 19:43:50.110]   New files added to this directory will not be compressed.
[2025-12-21 19:43:50.110]   0 :         0 = 1.0 to 1   CloverPit
[2025-12-21 19:43:50.110]   Of 1 files within 1 directories
[2025-12-21 19:43:50.110]   0 are compressed and 1 are not compressed.
[2025-12-21 19:43:50.110] [COMPACT] Compressed count: 0
[2025-12-21 19:43:50.110] [COMPACT] Result: False
[2025-12-21 19:43:50.186] [COMPACT] IsCompressed output for Cult of the Lamb:
[2025-12-21 19:43:50.186]   Listing C:\Program Files (x86)\Steam\steamapps\common\
[2025-12-21 19:43:50.186]   New files added to this directory will not be compressed.
[2025-12-21 19:43:50.186]   0 :         0 = 1.0 to 1   Cult of the Lamb
[2025-12-21 19:43:50.186]   Of 1 files within 1 directories
[2025-12-21 19:43:50.186]   0 are compressed and 1 are not compressed.
[2025-12-21 19:43:50.186] [COMPACT] Compressed count: 0
[2025-12-21 19:43:50.186] [COMPACT] Result: False
[2025-12-21 19:43:50.265] [COMPACT] IsCompressed output for Deadzone Rogue:
[2025-12-21 19:43:50.265]   Listing C:\Program Files (x86)\Steam\steamapps\common\
[2025-12-21 19:43:50.265]   New files added to this directory will not be compressed.
[2025-12-21 19:43:50.265]   0 :         0 = 1.0 to 1   Deadzone Rogue
[2025-12-21 19:43:50.265]   Of 1 files within 1 directories
[2025-12-21 19:43:50.265]   0 are compressed and 1 are not compressed.
[2025-12-21 19:43:50.265] [COMPACT] Compressed count: 0
[2025-12-21 19:43:50.265] [COMPACT] Result: False
[2025-12-21 19:43:50.343] [COMPACT] IsCompressed output for Digseum:
[2025-12-21 19:43:50.343]   Listing C:\Program Files (x86)\Steam\steamapps\common\
[2025-12-21 19:43:50.343]   New files added to this directory will not be compressed.
[2025-12-21 19:43:50.343]   0 :         0 = 1.0 to 1   Digseum
[2025-12-21 19:43:50.343]   Of 1 files within 1 directories
[2025-12-21 19:43:50.343]   0 are compressed and 1 are not compressed.
[2025-12-21 19:43:50.343] [COMPACT] Compressed count: 0
[2025-12-21 19:43:50.343] [COMPACT] Result: False
[2025-12-21 19:43:50.409] [COMPACT] IsCompressed output for Distance:
[2025-12-21 19:43:50.409]   Listing C:\Program Files (x86)\Steam\steamapps\common\
[2025-12-21 19:43:50.409]   New files added to this directory will not be compressed.
[2025-12-21 19:43:50.409]   0 :         0 = 1.0 to 1   Distance
[2025-12-21 19:43:50.409]   Of 1 files within 1 directories
[2025-12-21 19:43:50.409]   0 are compressed and 1 are not compressed.
[2025-12-21 19:43:50.409] [COMPACT] Compressed count: 0
[2025-12-21 19:43:50.409] [COMPACT] Result: False
[2025-12-21 19:43:50.479] [COMPACT] IsCompressed output for Dreamscaper:
[2025-12-21 19:43:50.480]   Listing C:\Program Files (x86)\Steam\steamapps\common\
[2025-12-21 19:43:50.480]   New files added to this directory will not be compressed.
[2025-12-21 19:43:50.480]   0 :         0 = 1.0 to 1   Dreamscaper
[2025-12-21 19:43:50.480]   Of 1 files within 1 directories
[2025-12-21 19:43:50.480]   0 are compressed and 1 are not compressed.
[2025-12-21 19:43:50.480] [COMPACT] Compressed count: 0
[2025-12-21 19:43:50.480] [COMPACT] Result: False
[2025-12-21 19:43:50.554] [COMPACT] IsCompressed output for Drums Rock:
[2025-12-21 19:43:50.554]   Listing C:\Program Files (x86)\Steam\steamapps\common\
[2025-12-21 19:43:50.554]   New files added to this directory will not be compressed.
[2025-12-21 19:43:50.554]   0 :         0 = 1.0 to 1   Drums Rock
[2025-12-21 19:43:50.554]   Of 1 files within 1 directories
[2025-12-21 19:43:50.554]   0 are compressed and 1 are not compressed.
[2025-12-21 19:43:50.554] [COMPACT] Compressed count: 0
[2025-12-21 19:43:50.554] [COMPACT] Result: False
[2025-12-21 19:43:50.614] [COMPACT] IsCompressed output for Dude, Stop:
[2025-12-21 19:43:50.614]   Listing C:\Program Files (x86)\Steam\steamapps\common\
[2025-12-21 19:43:50.614]   New files added to this directory will not be compressed.
[2025-12-21 19:43:50.614]   0 :         0 = 1.0 to 1   Dude, Stop
[2025-12-21 19:43:50.614]   Of 1 files within 1 directories
[2025-12-21 19:43:50.614]   0 are compressed and 1 are not compressed.
[2025-12-21 19:43:50.614] [COMPACT] Compressed count: 0
[2025-12-21 19:43:50.614] [COMPACT] Result: False
[2025-12-21 19:43:50.705] [COMPACT] IsCompressed output for Dying Light 2:
[2025-12-21 19:43:50.705]   Listing C:\Program Files (x86)\Steam\steamapps\common\
[2025-12-21 19:43:50.705]   New files added to this directory will not be compressed.
[2025-12-21 19:43:50.705]   0 :         0 = 1.0 to 1   Dying Light 2
[2025-12-21 19:43:50.705]   Of 1 files within 1 directories
[2025-12-21 19:43:50.705]   0 are compressed and 1 are not compressed.
[2025-12-21 19:43:50.705] [COMPACT] Compressed count: 0
[2025-12-21 19:43:50.705] [COMPACT] Result: False
[2025-12-21 19:43:50.794] [COMPACT] IsCompressed output for ECHO:
[2025-12-21 19:43:50.794]   Listing C:\Program Files (x86)\Steam\steamapps\common\
[2025-12-21 19:43:50.794]   New files added to this directory will not be compressed.
[2025-12-21 19:43:50.794]   0 :         0 = 1.0 to 1   ECHO
[2025-12-21 19:43:50.794]   Of 1 files within 1 directories
[2025-12-21 19:43:50.794]   0 are compressed and 1 are not compressed.
[2025-12-21 19:43:50.794] [COMPACT] Compressed count: 0
[2025-12-21 19:43:50.794] [COMPACT] Result: False
[2025-12-21 19:43:50.857] [COMPACT] IsCompressed output for FACEMINER:
[2025-12-21 19:43:50.857]   Listing C:\Program Files (x86)\Steam\steamapps\common\
[2025-12-21 19:43:50.857]   New files added to this directory will not be compressed.
[2025-12-21 19:43:50.857]   0 :         0 = 1.0 to 1   FACEMINER
[2025-12-21 19:43:50.857]   Of 1 files within 1 directories
[2025-12-21 19:43:50.857]   0 are compressed and 1 are not compressed.
[2025-12-21 19:43:50.857] [COMPACT] Compressed count: 0
[2025-12-21 19:43:50.857] [COMPACT] Result: False
[2025-12-21 19:43:50.921] [COMPACT] IsCompressed output for Fill Up The Hole:
[2025-12-21 19:43:50.921]   Listing C:\Program Files (x86)\Steam\steamapps\common\
[2025-12-21 19:43:50.921]   New files added to this directory will not be compressed.
[2025-12-21 19:43:50.921]   0 :         0 = 1.0 to 1   Fill Up The Hole
[2025-12-21 19:43:50.921]   Of 1 files within 1 directories
[2025-12-21 19:43:50.921]   0 are compressed and 1 are not compressed.
[2025-12-21 19:43:50.921] [COMPACT] Compressed count: 0
[2025-12-21 19:43:50.921] [COMPACT] Result: False
[2025-12-21 19:43:51.006] [COMPACT] IsCompressed output for Golf It!:
[2025-12-21 19:43:51.007]   Listing C:\Program Files (x86)\Steam\steamapps\common\
[2025-12-21 19:43:51.007]   New files added to this directory will not be compressed.
[2025-12-21 19:43:51.007]   0 :         0 = 1.0 to 1   Golf It!
[2025-12-21 19:43:51.007]   Of 1 files within 1 directories
[2025-12-21 19:43:51.007]   0 are compressed and 1 are not compressed.
[2025-12-21 19:43:51.007] [COMPACT] Compressed count: 0
[2025-12-21 19:43:51.007] [COMPACT] Result: False
[2025-12-21 19:43:51.069] [COMPACT] IsCompressed output for Golf With Your Friends:
[2025-12-21 19:43:51.069]   Listing C:\Program Files (x86)\Steam\steamapps\common\
[2025-12-21 19:43:51.069]   New files added to this directory will not be compressed.
[2025-12-21 19:43:51.069]   0 :         0 = 1.0 to 1   Golf With Your Friends
[2025-12-21 19:43:51.069]   Of 1 files within 1 directories
[2025-12-21 19:43:51.069]   0 are compressed and 1 are not compressed.
[2025-12-21 19:43:51.069] [COMPACT] Compressed count: 0
[2025-12-21 19:43:51.069] [COMPACT] Result: False
[2025-12-21 19:43:51.155] [COMPACT] IsCompressed output for How 2 Escape:
[2025-12-21 19:43:51.155]   Listing C:\Program Files (x86)\Steam\steamapps\common\
[2025-12-21 19:43:51.155]   New files added to this directory will not be compressed.
[2025-12-21 19:43:51.155]   0 :         0 = 1.0 to 1   How 2 Escape
[2025-12-21 19:43:51.155]   Of 1 files within 1 directories
[2025-12-21 19:43:51.155]   0 are compressed and 1 are not compressed.
[2025-12-21 19:43:51.155] [COMPACT] Compressed count: 0
[2025-12-21 19:43:51.155] [COMPACT] Result: False
[2025-12-21 19:43:51.245] [COMPACT] IsCompressed output for How 2 Escape Lost Submarine:
[2025-12-21 19:43:51.245]   Listing C:\Program Files (x86)\Steam\steamapps\common\
[2025-12-21 19:43:51.245]   New files added to this directory will not be compressed.
[2025-12-21 19:43:51.245]   0 :         0 = 1.0 to 1   How 2 Escape Lost Submarine
[2025-12-21 19:43:51.245]   Of 1 files within 1 directories
[2025-12-21 19:43:51.245]   0 are compressed and 1 are not compressed.
[2025-12-21 19:43:51.245] [COMPACT] Compressed count: 0
[2025-12-21 19:43:51.245] [COMPACT] Result: False
[2025-12-21 19:43:51.248] Found 2 drives:
[2025-12-21 19:43:51.250]   C:\ (Acer) - 1.61 TB free of 2.93 TB
[2025-12-21 19:43:51.250]   D:\ (Games) - 1.31 TB free of 3.27 TB
[2025-12-21 19:43:51.318] [COMPACT] IsCompressed output for Idle Slayer:
[2025-12-21 19:43:51.318]   Listing C:\Program Files (x86)\Steam\steamapps\common\
[2025-12-21 19:43:51.318]   New files added to this directory will not be compressed.
[2025-12-21 19:43:51.318]   0 :         0 = 1.0 to 1   Idle Slayer
[2025-12-21 19:43:51.318]   Of 1 files within 1 directories
[2025-12-21 19:43:51.318]   0 are compressed and 1 are not compressed.
[2025-12-21 19:43:51.318] [COMPACT] Compressed count: 0
[2025-12-21 19:43:51.318] [COMPACT] Result: False
[2025-12-21 19:43:51.403] [COMPACT] IsCompressed output for Idle Sphere:
[2025-12-21 19:43:51.403]   Listing C:\Program Files (x86)\Steam\steamapps\common\
[2025-12-21 19:43:51.403]   New files added to this directory will not be compressed.
[2025-12-21 19:43:51.403]   0 :         0 = 1.0 to 1   Idle Sphere
[2025-12-21 19:43:51.403]   Of 1 files within 1 directories
[2025-12-21 19:43:51.403]   0 are compressed and 1 are not compressed.
[2025-12-21 19:43:51.403] [COMPACT] Compressed count: 0
[2025-12-21 19:43:51.403] [COMPACT] Result: False
[2025-12-21 19:43:51.482] [COMPACT] IsCompressed output for Idle Spiral:
[2025-12-21 19:43:51.482]   Listing C:\Program Files (x86)\Steam\steamapps\common\
[2025-12-21 19:43:51.482]   New files added to this directory will not be compressed.
[2025-12-21 19:43:51.482]   0 :         0 = 1.0 to 1   Idle Spiral
[2025-12-21 19:43:51.482]   Of 1 files within 1 directories
[2025-12-21 19:43:51.482]   0 are compressed and 1 are not compressed.
[2025-12-21 19:43:51.482] [COMPACT] Compressed count: 0
[2025-12-21 19:43:51.482] [COMPACT] Result: False
[2025-12-21 19:43:51.546] [COMPACT] IsCompressed output for Infiniclick:
[2025-12-21 19:43:51.546]   Listing C:\Program Files (x86)\Steam\steamapps\common\
[2025-12-21 19:43:51.546]   New files added to this directory will not be compressed.
[2025-12-21 19:43:51.546]   0 :         0 = 1.0 to 1   Infiniclick
[2025-12-21 19:43:51.546]   Of 1 files within 1 directories
[2025-12-21 19:43:51.546]   0 are compressed and 1 are not compressed.
[2025-12-21 19:43:51.546] [COMPACT] Compressed count: 0
[2025-12-21 19:43:51.546] [COMPACT] Result: False
[2025-12-21 19:43:51.615] [COMPACT] IsCompressed output for Keep on Mining!:
[2025-12-21 19:43:51.615]   Listing C:\Program Files (x86)\Steam\steamapps\common\
[2025-12-21 19:43:51.615]   New files added to this directory will not be compressed.
[2025-12-21 19:43:51.615]   0 :         0 = 1.0 to 1   Keep on Mining!
[2025-12-21 19:43:51.615]   Of 1 files within 1 directories
[2025-12-21 19:43:51.615]   0 are compressed and 1 are not compressed.
[2025-12-21 19:43:51.615] [COMPACT] Compressed count: 0
[2025-12-21 19:43:51.615] [COMPACT] Result: False
[2025-12-21 19:43:51.674] [COMPACT] IsCompressed output for Orwell:
[2025-12-21 19:43:51.674]   Listing C:\Program Files (x86)\Steam\steamapps\common\
[2025-12-21 19:43:51.674]   New files added to this directory will not be compressed.
[2025-12-21 19:43:51.674]   0 :         0 = 1.0 to 1   Orwell
[2025-12-21 19:43:51.674]   Of 1 files within 1 directories
[2025-12-21 19:43:51.674]   0 are compressed and 1 are not compressed.
[2025-12-21 19:43:51.674] [COMPACT] Compressed count: 0
[2025-12-21 19:43:51.674] [COMPACT] Result: False
[2025-12-21 19:43:51.735] [COMPACT] IsCompressed output for Outer Wilds:
[2025-12-21 19:43:51.735]   Listing C:\Program Files (x86)\Steam\steamapps\common\
[2025-12-21 19:43:51.735]   New files added to this directory will not be compressed.
[2025-12-21 19:43:51.735]   0 :         0 = 1.0 to 1   Outer Wilds
[2025-12-21 19:43:51.735]   Of 1 files within 1 directories
[2025-12-21 19:43:51.735]   0 are compressed and 1 are not compressed.
[2025-12-21 19:43:51.735] [COMPACT] Compressed count: 0
[2025-12-21 19:43:51.735] [COMPACT] Result: False
[2025-12-21 19:43:51.805] [COMPACT] IsCompressed output for PegIdle:
[2025-12-21 19:43:51.805]   Listing C:\Program Files (x86)\Steam\steamapps\common\
[2025-12-21 19:43:51.805]   New files added to this directory will not be compressed.
[2025-12-21 19:43:51.805]   0 :         0 = 1.0 to 1   PegIdle
[2025-12-21 19:43:51.805]   Of 1 files within 1 directories
[2025-12-21 19:43:51.805]   0 are compressed and 1 are not compressed.
[2025-12-21 19:43:51.805] [COMPACT] Compressed count: 0
[2025-12-21 19:43:51.806] [COMPACT] Result: False
[2025-12-21 19:43:51.889] [COMPACT] IsCompressed output for Pocket Pusher:
[2025-12-21 19:43:51.889]   Listing C:\Program Files (x86)\Steam\steamapps\common\
[2025-12-21 19:43:51.889]   New files added to this directory will not be compressed.
[2025-12-21 19:43:51.889]   0 :         0 = 1.0 to 1   Pocket Pusher
[2025-12-21 19:43:51.889]   Of 1 files within 1 directories
[2025-12-21 19:43:51.889]   0 are compressed and 1 are not compressed.
[2025-12-21 19:43:51.889] [COMPACT] Compressed count: 0
[2025-12-21 19:43:51.889] [COMPACT] Result: False
[2025-12-21 19:43:51.955] [COMPACT] IsCompressed output for RoboQuest:
[2025-12-21 19:43:51.955]   Listing C:\Program Files (x86)\Steam\steamapps\common\
[2025-12-21 19:43:51.955]   New files added to this directory will not be compressed.
[2025-12-21 19:43:51.955]   0 :         0 = 1.0 to 1   RoboQuest
[2025-12-21 19:43:51.955]   Of 1 files within 1 directories
[2025-12-21 19:43:51.955]   0 are compressed and 1 are not compressed.
[2025-12-21 19:43:51.955] [COMPACT] Compressed count: 0
[2025-12-21 19:43:51.955] [COMPACT] Result: False
[2025-12-21 19:43:52.032] [COMPACT] IsCompressed output for Sixty Four:
[2025-12-21 19:43:52.032]   Listing C:\Program Files (x86)\Steam\steamapps\common\
[2025-12-21 19:43:52.032]   New files added to this directory will not be compressed.
[2025-12-21 19:43:52.032]   0 :         0 = 1.0 to 1   Sixty Four
[2025-12-21 19:43:52.032]   Of 1 files within 1 directories
[2025-12-21 19:43:52.032]   0 are compressed and 1 are not compressed.
[2025-12-21 19:43:52.032] [COMPACT] Compressed count: 0
[2025-12-21 19:43:52.032] [COMPACT] Result: False
[2025-12-21 19:43:52.104] [COMPACT] IsCompressed output for SonicFrontiers:
[2025-12-21 19:43:52.104]   Listing C:\Program Files (x86)\Steam\steamapps\common\
[2025-12-21 19:43:52.104]   New files added to this directory will not be compressed.
[2025-12-21 19:43:52.104]   0 :         0 = 1.0 to 1   SonicFrontiers
[2025-12-21 19:43:52.104]   Of 1 files within 1 directories
[2025-12-21 19:43:52.104]   0 are compressed and 1 are not compressed.
[2025-12-21 19:43:52.104] [COMPACT] Compressed count: 0
[2025-12-21 19:43:52.104] [COMPACT] Result: False
[2025-12-21 19:43:52.159] [COMPACT] IsCompressed output for Split Fiction:
[2025-12-21 19:43:52.159]   Listing C:\Program Files (x86)\Steam\steamapps\common\
[2025-12-21 19:43:52.159]   New files added to this directory will not be compressed.
[2025-12-21 19:43:52.159]   0 :         0 = 1.0 to 1   Split Fiction
[2025-12-21 19:43:52.159]   Of 1 files within 1 directories
[2025-12-21 19:43:52.159]   0 are compressed and 1 are not compressed.
[2025-12-21 19:43:52.159] [COMPACT] Compressed count: 0
[2025-12-21 19:43:52.159] [COMPACT] Result: False
[2025-12-21 19:43:52.223] [COMPACT] IsCompressed output for SpongeBob SquarePants Titans of the Tide:
[2025-12-21 19:43:52.223]   Listing C:\Program Files (x86)\Steam\steamapps\common\
[2025-12-21 19:43:52.223]   New files added to this directory will not be compressed.
[2025-12-21 19:43:52.223]   0 :         0 = 1.0 to 1   SpongeBob SquarePants Titans of the Tide
[2025-12-21 19:43:52.223]   Of 1 files within 1 directories
[2025-12-21 19:43:52.223]   0 are compressed and 1 are not compressed.
[2025-12-21 19:43:52.223] [COMPACT] Compressed count: 0
[2025-12-21 19:43:52.223] [COMPACT] Result: False
[2025-12-21 19:43:52.309] [COMPACT] IsCompressed output for Starfield:
[2025-12-21 19:43:52.309]   Listing C:\Program Files (x86)\Steam\steamapps\common\
[2025-12-21 19:43:52.309]   New files added to this directory will not be compressed.
[2025-12-21 19:43:52.309]   0 :         0 = 1.0 to 1   Starfield
[2025-12-21 19:43:52.309]   Of 1 files within 1 directories
[2025-12-21 19:43:52.309]   0 are compressed and 1 are not compressed.
[2025-12-21 19:43:52.309] [COMPACT] Compressed count: 0
[2025-12-21 19:43:52.309] [COMPACT] Result: False
[2025-12-21 19:43:52.396] [COMPACT] IsCompressed output for SteamVR:
[2025-12-21 19:43:52.396]   Listing C:\Program Files (x86)\Steam\steamapps\common\
[2025-12-21 19:43:52.396]   New files added to this directory will not be compressed.
[2025-12-21 19:43:52.396]   0 :         0 = 1.0 to 1   SteamVR
[2025-12-21 19:43:52.396]   Of 1 files within 1 directories
[2025-12-21 19:43:52.396]   0 are compressed and 1 are not compressed.
[2025-12-21 19:43:52.396] [COMPACT] Compressed count: 0
[2025-12-21 19:43:52.396] [COMPACT] Result: False
[2025-12-21 19:43:52.492] [COMPACT] IsCompressed output for SynthRiders:
[2025-12-21 19:43:52.492]   Listing C:\Program Files (x86)\Steam\steamapps\common\
[2025-12-21 19:43:52.492]   New files added to this directory will not be compressed.
[2025-12-21 19:43:52.492]   0 :         0 = 1.0 to 1   SynthRiders
[2025-12-21 19:43:52.492]   Of 1 files within 1 directories
[2025-12-21 19:43:52.492]   0 are compressed and 1 are not compressed.
[2025-12-21 19:43:52.492] [COMPACT] Compressed count: 0
[2025-12-21 19:43:52.492] [COMPACT] Result: False
[2025-12-21 19:43:52.557] [COMPACT] IsCompressed output for The Maze VR:
[2025-12-21 19:43:52.557]   Listing C:\Program Files (x86)\Steam\steamapps\common\
[2025-12-21 19:43:52.557]   New files added to this directory will not be compressed.
[2025-12-21 19:43:52.557]   0 :         0 = 1.0 to 1   The Maze VR
[2025-12-21 19:43:52.557]   Of 1 files within 1 directories
[2025-12-21 19:43:52.557]   0 are compressed and 1 are not compressed.
[2025-12-21 19:43:52.557] [COMPACT] Compressed count: 0
[2025-12-21 19:43:52.557] [COMPACT] Result: False
[2025-12-21 19:43:52.626] [COMPACT] IsCompressed output for The Perfect Tower II:
[2025-12-21 19:43:52.626]   Listing C:\Program Files (x86)\Steam\steamapps\common\
[2025-12-21 19:43:52.626]   New files added to this directory will not be compressed.
[2025-12-21 19:43:52.626]   0 :         0 = 1.0 to 1   The Perfect Tower II
[2025-12-21 19:43:52.626]   Of 1 files within 1 directories
[2025-12-21 19:43:52.626]   0 are compressed and 1 are not compressed.
[2025-12-21 19:43:52.626] [COMPACT] Compressed count: 0
[2025-12-21 19:43:52.626] [COMPACT] Result: False
[2025-12-21 19:43:52.703] [COMPACT] IsCompressed output for TheOuterWorlds2:
[2025-12-21 19:43:52.703]   Listing C:\Program Files (x86)\Steam\steamapps\common\
[2025-12-21 19:43:52.703]   New files added to this directory will not be compressed.
[2025-12-21 19:43:52.703]   0 :         0 = 1.0 to 1   TheOuterWorlds2
[2025-12-21 19:43:52.703]   Of 1 files within 1 directories
[2025-12-21 19:43:52.703]   0 are compressed and 1 are not compressed.
[2025-12-21 19:43:52.703] [COMPACT] Compressed count: 0
[2025-12-21 19:43:52.703] [COMPACT] Result: False
[2025-12-21 19:43:52.785] [COMPACT] IsCompressed output for THOSE GAMES:
[2025-12-21 19:43:52.785]   Listing C:\Program Files (x86)\Steam\steamapps\common\
[2025-12-21 19:43:52.785]   New files added to this directory will not be compressed.
[2025-12-21 19:43:52.785]   0 :         0 = 1.0 to 1   THOSE GAMES
[2025-12-21 19:43:52.785]   Of 1 files within 1 directories
[2025-12-21 19:43:52.785]   0 are compressed and 1 are not compressed.
[2025-12-21 19:43:52.785] [COMPACT] Compressed count: 0
[2025-12-21 19:43:52.785] [COMPACT] Result: False
[2025-12-21 19:43:52.870] [COMPACT] IsCompressed output for THOSE GAMES 2:
[2025-12-21 19:43:52.870]   Listing C:\Program Files (x86)\Steam\steamapps\common\
[2025-12-21 19:43:52.870]   New files added to this directory will not be compressed.
[2025-12-21 19:43:52.870]   0 :         0 = 1.0 to 1   THOSE GAMES 2
[2025-12-21 19:43:52.870]   Of 1 files within 1 directories
[2025-12-21 19:43:52.870]   0 are compressed and 1 are not compressed.
[2025-12-21 19:43:52.870] [COMPACT] Compressed count: 0
[2025-12-21 19:43:52.870] [COMPACT] Result: False
[2025-12-21 19:43:52.937] [COMPACT] IsCompressed output for Tower Wizard:
[2025-12-21 19:43:52.937]   Listing C:\Program Files (x86)\Steam\steamapps\common\
[2025-12-21 19:43:52.937]   New files added to this directory will not be compressed.
[2025-12-21 19:43:52.937]   0 :         0 = 1.0 to 1   Tower Wizard
[2025-12-21 19:43:52.937]   Of 1 files within 1 directories
[2025-12-21 19:43:52.937]   0 are compressed and 1 are not compressed.
[2025-12-21 19:43:52.937] [COMPACT] Compressed count: 0
[2025-12-21 19:43:52.937] [COMPACT] Result: False
[2025-12-21 19:43:53.010] [COMPACT] IsCompressed output for Unboxathon:
[2025-12-21 19:43:53.010]   Listing C:\Program Files (x86)\Steam\steamapps\common\
[2025-12-21 19:43:53.010]   New files added to this directory will not be compressed.
[2025-12-21 19:43:53.010]   0 :         0 = 1.0 to 1   Unboxathon
[2025-12-21 19:43:53.010]   Of 1 files within 1 directories
[2025-12-21 19:43:53.010]   0 are compressed and 1 are not compressed.
[2025-12-21 19:43:53.010] [COMPACT] Compressed count: 0
[2025-12-21 19:43:53.010] [COMPACT] Result: False
[2025-12-21 19:43:53.077] [COMPACT] IsCompressed output for Upload Labs:
[2025-12-21 19:43:53.077]   Listing C:\Program Files (x86)\Steam\steamapps\common\
[2025-12-21 19:43:53.077]   New files added to this directory will not be compressed.
[2025-12-21 19:43:53.077]   0 :         0 = 1.0 to 1   Upload Labs
[2025-12-21 19:43:53.077]   Of 1 files within 1 directories
[2025-12-21 19:43:53.077]   0 are compressed and 1 are not compressed.
[2025-12-21 19:43:53.077] [COMPACT] Compressed count: 0
[2025-12-21 19:43:53.077] [COMPACT] Result: False
[2025-12-21 19:43:53.150] [COMPACT] IsCompressed output for wallpaper_engine:
[2025-12-21 19:43:53.150]   Listing C:\Program Files (x86)\Steam\steamapps\common\
[2025-12-21 19:43:53.150]   New files added to this directory will not be compressed.
[2025-12-21 19:43:53.150]   0 :         0 = 1.0 to 1   wallpaper_engine
[2025-12-21 19:43:53.150]   Of 1 files within 1 directories
[2025-12-21 19:43:53.150]   0 are compressed and 1 are not compressed.
[2025-12-21 19:43:53.150] [COMPACT] Compressed count: 0
[2025-12-21 19:43:53.150] [COMPACT] Result: False
[2025-12-21 19:43:53.225] [COMPACT] IsCompressed output for Abyssus:
[2025-12-21 19:43:53.225]   Listing D:\SteamLibrary\steamapps\common\
[2025-12-21 19:43:53.225]   New files added to this directory will not be compressed.
[2025-12-21 19:43:53.225]   0 :         0 = 1.0 to 1   Abyssus
[2025-12-21 19:43:53.225]   Of 1 files within 1 directories
[2025-12-21 19:43:53.225]   0 are compressed and 1 are not compressed.
[2025-12-21 19:43:53.225] [COMPACT] Compressed count: 0
[2025-12-21 19:43:53.225] [COMPACT] Result: False
[2025-12-21 19:43:53.264] Found 2 drives:
[2025-12-21 19:43:53.265]   C:\ (Acer) - 1.61 TB free of 2.93 TB
[2025-12-21 19:43:53.266]   D:\ (Games) - 1.31 TB free of 3.27 TB
[2025-12-21 19:43:53.295] [COMPACT] IsCompressed output for Adventure Escape Mysteries:
[2025-12-21 19:43:53.296]   Listing D:\SteamLibrary\steamapps\common\
[2025-12-21 19:43:53.296]   New files added to this directory will not be compressed.
[2025-12-21 19:43:53.296]   0 :         0 = 1.0 to 1   Adventure Escape Mysteries
[2025-12-21 19:43:53.296]   Of 1 files within 1 directories
[2025-12-21 19:43:53.296]   0 are compressed and 1 are not compressed.
[2025-12-21 19:43:53.296] [COMPACT] Compressed count: 0
[2025-12-21 19:43:53.296] [COMPACT] Result: False
[2025-12-21 19:43:53.373] [COMPACT] IsCompressed output for Agents of Mayhem:
[2025-12-21 19:43:53.373]   Listing D:\SteamLibrary\steamapps\common\
[2025-12-21 19:43:53.373]   New files added to this directory will not be compressed.
[2025-12-21 19:43:53.373]   0 :         0 = 1.0 to 1   Agents of Mayhem
[2025-12-21 19:43:53.373]   Of 1 files within 1 directories
[2025-12-21 19:43:53.374]   0 are compressed and 1 are not compressed.
[2025-12-21 19:43:53.374] [COMPACT] Compressed count: 0
[2025-12-21 19:43:53.374] [COMPACT] Result: False
[2025-12-21 19:43:53.454] [COMPACT] IsCompressed output for Beat Saber:
[2025-12-21 19:43:53.454]   Listing D:\SteamLibrary\steamapps\common\
[2025-12-21 19:43:53.454]   New files added to this directory will not be compressed.
[2025-12-21 19:43:53.454]   0 :         0 = 1.0 to 1   Beat Saber
[2025-12-21 19:43:53.454]   Of 1 files within 1 directories
[2025-12-21 19:43:53.454]   0 are compressed and 1 are not compressed.
[2025-12-21 19:43:53.454] [COMPACT] Compressed count: 0
[2025-12-21 19:43:53.454] [COMPACT] Result: False
[2025-12-21 19:43:53.520] [COMPACT] IsCompressed output for BOKURA:
[2025-12-21 19:43:53.520]   Listing D:\SteamLibrary\steamapps\common\
[2025-12-21 19:43:53.520]   New files added to this directory will not be compressed.
[2025-12-21 19:43:53.520]   0 :         0 = 1.0 to 1   BOKURA
[2025-12-21 19:43:53.520]   Of 1 files within 1 directories
[2025-12-21 19:43:53.520]   0 are compressed and 1 are not compressed.
[2025-12-21 19:43:53.520] [COMPACT] Compressed count: 0
[2025-12-21 19:43:53.520] [COMPACT] Result: False
[2025-12-21 19:43:53.592] [COMPACT] IsCompressed output for BOKURA planet:
[2025-12-21 19:43:53.592]   Listing D:\SteamLibrary\steamapps\common\
[2025-12-21 19:43:53.592]   New files added to this directory will not be compressed.
[2025-12-21 19:43:53.592]   0 :         0 = 1.0 to 1   BOKURA planet
[2025-12-21 19:43:53.593]   Of 1 files within 1 directories
[2025-12-21 19:43:53.593]   0 are compressed and 1 are not compressed.
[2025-12-21 19:43:53.593] [COMPACT] Compressed count: 0
[2025-12-21 19:43:53.593] [COMPACT] Result: False
[2025-12-21 19:43:53.652] [COMPACT] IsCompressed output for BONEWORKS:
[2025-12-21 19:43:53.652]   Listing D:\SteamLibrary\steamapps\common\
[2025-12-21 19:43:53.652]   New files added to this directory will not be compressed.
[2025-12-21 19:43:53.652]   0 :         0 = 1.0 to 1   BONEWORKS
[2025-12-21 19:43:53.652]   Of 1 files within 1 directories
[2025-12-21 19:43:53.652]   0 are compressed and 1 are not compressed.
[2025-12-21 19:43:53.652] [COMPACT] Compressed count: 0
[2025-12-21 19:43:53.652] [COMPACT] Result: False
[2025-12-21 19:43:53.744] [COMPACT] IsCompressed output for Buckshot Roulette:
[2025-12-21 19:43:53.744]   Listing D:\SteamLibrary\steamapps\common\
[2025-12-21 19:43:53.744]   New files added to this directory will not be compressed.
[2025-12-21 19:43:53.744]   0 :         0 = 1.0 to 1   Buckshot Roulette
[2025-12-21 19:43:53.744]   Of 1 files within 1 directories
[2025-12-21 19:43:53.744]   0 are compressed and 1 are not compressed.
[2025-12-21 19:43:53.744] [COMPACT] Compressed count: 0
[2025-12-21 19:43:53.744] [COMPACT] Result: False
[2025-12-21 19:43:53.810] [COMPACT] IsCompressed output for Bugsnax:
[2025-12-21 19:43:53.810]   Listing D:\SteamLibrary\steamapps\common\
[2025-12-21 19:43:53.810]   New files added to this directory will not be compressed.
[2025-12-21 19:43:53.810]   0 :         0 = 1.0 to 1   Bugsnax
[2025-12-21 19:43:53.810]   Of 1 files within 1 directories
[2025-12-21 19:43:53.810]   0 are compressed and 1 are not compressed.
[2025-12-21 19:43:53.810] [COMPACT] Compressed count: 0
[2025-12-21 19:43:53.810] [COMPACT] Result: False
[2025-12-21 19:43:53.874] [COMPACT] IsCompressed output for Cell to Singularity:
[2025-12-21 19:43:53.874]   Listing D:\SteamLibrary\steamapps\common\
[2025-12-21 19:43:53.874]   New files added to this directory will not be compressed.
[2025-12-21 19:43:53.874]   0 :         0 = 1.0 to 1   Cell to Singularity
[2025-12-21 19:43:53.874]   Of 1 files within 1 directories
[2025-12-21 19:43:53.874]   0 are compressed and 1 are not compressed.
[2025-12-21 19:43:53.874] [COMPACT] Compressed count: 0
[2025-12-21 19:43:53.874] [COMPACT] Result: False
[2025-12-21 19:43:53.934] [COMPACT] IsCompressed output for Click To Continue:
[2025-12-21 19:43:53.934]   Listing D:\SteamLibrary\steamapps\common\
[2025-12-21 19:43:53.934]   New files added to this directory will not be compressed.
[2025-12-21 19:43:53.934]   0 :         0 = 1.0 to 1   Click To Continue
[2025-12-21 19:43:53.934]   Of 1 files within 1 directories
[2025-12-21 19:43:53.934]   0 are compressed and 1 are not compressed.
[2025-12-21 19:43:53.934] [COMPACT] Compressed count: 0
[2025-12-21 19:43:53.934] [COMPACT] Result: False
[2025-12-21 19:43:54.005] [COMPACT] IsCompressed output for Coming Out on Top:
[2025-12-21 19:43:54.005]   Listing D:\SteamLibrary\steamapps\common\
[2025-12-21 19:43:54.005]   New files added to this directory will not be compressed.
[2025-12-21 19:43:54.005]   0 :         0 = 1.0 to 1   Coming Out on Top
[2025-12-21 19:43:54.005]   Of 1 files within 1 directories
[2025-12-21 19:43:54.005]   0 are compressed and 1 are not compressed.
[2025-12-21 19:43:54.006] [COMPACT] Compressed count: 0
[2025-12-21 19:43:54.006] [COMPACT] Result: False
[2025-12-21 19:43:54.083] [COMPACT] IsCompressed output for Death Squared:
[2025-12-21 19:43:54.084]   Listing D:\SteamLibrary\steamapps\common\
[2025-12-21 19:43:54.084]   New files added to this directory will not be compressed.
[2025-12-21 19:43:54.084]   0 :         0 = 1.0 to 1   Death Squared
[2025-12-21 19:43:54.084]   Of 1 files within 1 directories
[2025-12-21 19:43:54.084]   0 are compressed and 1 are not compressed.
[2025-12-21 19:43:54.084] [COMPACT] Compressed count: 0
[2025-12-21 19:43:54.084] [COMPACT] Result: False
[2025-12-21 19:43:54.145] [COMPACT] IsCompressed output for Dishonored:
[2025-12-21 19:43:54.145]   Listing D:\SteamLibrary\steamapps\common\
[2025-12-21 19:43:54.145]   New files added to this directory will not be compressed.
[2025-12-21 19:43:54.145]   0 :         0 = 1.0 to 1   Dishonored
[2025-12-21 19:43:54.145]   Of 1 files within 1 directories
[2025-12-21 19:43:54.145]   0 are compressed and 1 are not compressed.
[2025-12-21 19:43:54.145] [COMPACT] Compressed count: 0
[2025-12-21 19:43:54.145] [COMPACT] Result: False
[2025-12-21 19:43:54.222] [COMPACT] IsCompressed output for Distance:
[2025-12-21 19:43:54.222]   Listing D:\SteamLibrary\steamapps\common\
[2025-12-21 19:43:54.222]   New files added to this directory will not be compressed.
[2025-12-21 19:43:54.222]   0 :         0 = 1.0 to 1   Distance
[2025-12-21 19:43:54.222]   Of 1 files within 1 directories
[2025-12-21 19:43:54.222]   0 are compressed and 1 are not compressed.
[2025-12-21 19:43:54.222] [COMPACT] Compressed count: 0
[2025-12-21 19:43:54.222] [COMPACT] Result: False
[2025-12-21 19:43:54.317] [COMPACT] IsCompressed output for DOOMEternal:
[2025-12-21 19:43:54.317]   Listing D:\SteamLibrary\steamapps\common\
[2025-12-21 19:43:54.317]   New files added to this directory will not be compressed.
[2025-12-21 19:43:54.317]   0 :         0 = 1.0 to 1   DOOMEternal
[2025-12-21 19:43:54.317]   Of 1 files within 1 directories
[2025-12-21 19:43:54.317]   0 are compressed and 1 are not compressed.
[2025-12-21 19:43:54.317] [COMPACT] Compressed count: 0
[2025-12-21 19:43:54.317] [COMPACT] Result: False
[2025-12-21 19:43:54.415] [COMPACT] IsCompressed output for Dying Light The Beast:
[2025-12-21 19:43:54.415]   Listing D:\SteamLibrary\steamapps\common\
[2025-12-21 19:43:54.415]   New files added to this directory will not be compressed.
[2025-12-21 19:43:54.415]   0 :         0 = 1.0 to 1   Dying Light The Beast
[2025-12-21 19:43:54.415]   Of 1 files within 1 directories
[2025-12-21 19:43:54.415]   0 are compressed and 1 are not compressed.
[2025-12-21 19:43:54.415] [COMPACT] Compressed count: 0
[2025-12-21 19:43:54.415] [COMPACT] Result: False
[2025-12-21 19:43:54.513] [COMPACT] IsCompressed output for Dyson Sphere Program:
[2025-12-21 19:43:54.513]   Listing D:\SteamLibrary\steamapps\common\
[2025-12-21 19:43:54.513]   New files added to this directory will not be compressed.
[2025-12-21 19:43:54.513]   0 :         0 = 1.0 to 1   Dyson Sphere Program
[2025-12-21 19:43:54.513]   Of 1 files within 1 directories
[2025-12-21 19:43:54.513]   0 are compressed and 1 are not compressed.
[2025-12-21 19:43:54.513] [COMPACT] Compressed count: 0
[2025-12-21 19:43:54.513] [COMPACT] Result: False
[2025-12-21 19:43:54.594] [COMPACT] IsCompressed output for Egression:
[2025-12-21 19:43:54.594]   Listing D:\SteamLibrary\steamapps\common\
[2025-12-21 19:43:54.594]   New files added to this directory will not be compressed.
[2025-12-21 19:43:54.594]   0 :         0 = 1.0 to 1   Egression
[2025-12-21 19:43:54.594]   Of 1 files within 1 directories
[2025-12-21 19:43:54.594]   0 are compressed and 1 are not compressed.
[2025-12-21 19:43:54.594] [COMPACT] Compressed count: 0
[2025-12-21 19:43:54.594] [COMPACT] Result: False
[2025-12-21 19:43:54.673] [COMPACT] IsCompressed output for Escape Simulator:
[2025-12-21 19:43:54.673]   Listing D:\SteamLibrary\steamapps\common\
[2025-12-21 19:43:54.673]   New files added to this directory will not be compressed.
[2025-12-21 19:43:54.673]   0 :         0 = 1.0 to 1   Escape Simulator
[2025-12-21 19:43:54.673]   Of 1 files within 1 directories
[2025-12-21 19:43:54.673]   0 are compressed and 1 are not compressed.
[2025-12-21 19:43:54.673] [COMPACT] Compressed count: 0
[2025-12-21 19:43:54.673] [COMPACT] Result: False
[2025-12-21 19:43:54.736] [COMPACT] IsCompressed output for Escape Simulator 2:
[2025-12-21 19:43:54.736]   Listing D:\SteamLibrary\steamapps\common\
[2025-12-21 19:43:54.736]   New files added to this directory will not be compressed.
[2025-12-21 19:43:54.736]   0 :         0 = 1.0 to 1   Escape Simulator 2
[2025-12-21 19:43:54.736]   Of 1 files within 1 directories
[2025-12-21 19:43:54.736]   0 are compressed and 1 are not compressed.
[2025-12-21 19:43:54.736] [COMPACT] Compressed count: 0
[2025-12-21 19:43:54.736] [COMPACT] Result: False
[2025-12-21 19:43:54.801] [COMPACT] IsCompressed output for Euro Truck Simulator 2:
[2025-12-21 19:43:54.801]   Listing D:\SteamLibrary\steamapps\common\
[2025-12-21 19:43:54.801]   New files added to this directory will not be compressed.
[2025-12-21 19:43:54.801]   0 :         0 = 1.0 to 1   Euro Truck Simulator 2
[2025-12-21 19:43:54.801]   Of 1 files within 1 directories
[2025-12-21 19:43:54.801]   0 are compressed and 1 are not compressed.
[2025-12-21 19:43:54.801] [COMPACT] Compressed count: 0
[2025-12-21 19:43:54.801] [COMPACT] Result: False
[2025-12-21 19:43:54.870] [COMPACT] IsCompressed output for Fever Meme:
[2025-12-21 19:43:54.870]   Listing D:\SteamLibrary\steamapps\common\
[2025-12-21 19:43:54.870]   New files added to this directory will not be compressed.
[2025-12-21 19:43:54.870]   0 :         0 = 1.0 to 1   Fever Meme
[2025-12-21 19:43:54.870]   Of 1 files within 1 directories
[2025-12-21 19:43:54.870]   0 are compressed and 1 are not compressed.
[2025-12-21 19:43:54.870] [COMPACT] Compressed count: 0
[2025-12-21 19:43:54.870] [COMPACT] Result: False
[2025-12-21 19:43:54.947] [COMPACT] IsCompressed output for FINAL SPIN:
[2025-12-21 19:43:54.947]   Listing D:\SteamLibrary\steamapps\common\
[2025-12-21 19:43:54.947]   New files added to this directory will not be compressed.
[2025-12-21 19:43:54.947]   0 :         0 = 1.0 to 1   FINAL SPIN
[2025-12-21 19:43:54.947]   Of 1 files within 1 directories
[2025-12-21 19:43:54.947]   0 are compressed and 1 are not compressed.
[2025-12-21 19:43:54.947] [COMPACT] Compressed count: 0
[2025-12-21 19:43:54.947] [COMPACT] Result: False
[2025-12-21 19:43:55.028] [COMPACT] IsCompressed output for Hacknet:
[2025-12-21 19:43:55.028]   Listing D:\SteamLibrary\steamapps\common\
[2025-12-21 19:43:55.029]   New files added to this directory will not be compressed.
[2025-12-21 19:43:55.029]   0 :         0 = 1.0 to 1   Hacknet
[2025-12-21 19:43:55.029]   Of 1 files within 1 directories
[2025-12-21 19:43:55.029]   0 are compressed and 1 are not compressed.
[2025-12-21 19:43:55.029] [COMPACT] Compressed count: 0
[2025-12-21 19:43:55.029] [COMPACT] Result: False
[2025-12-21 19:43:55.101] [COMPACT] IsCompressed output for Hogwarts Legacy:
[2025-12-21 19:43:55.101]   Listing D:\SteamLibrary\steamapps\common\
[2025-12-21 19:43:55.101]   New files added to this directory will not be compressed.
[2025-12-21 19:43:55.101]   0 :         0 = 1.0 to 1   Hogwarts Legacy
[2025-12-21 19:43:55.101]   Of 1 files within 1 directories
[2025-12-21 19:43:55.101]   0 are compressed and 1 are not compressed.
[2025-12-21 19:43:55.101] [COMPACT] Compressed count: 0
[2025-12-21 19:43:55.101] [COMPACT] Result: False
[2025-12-21 19:43:55.162] [COMPACT] IsCompressed output for Lossless Scaling:
[2025-12-21 19:43:55.162]   Listing D:\SteamLibrary\steamapps\common\
[2025-12-21 19:43:55.162]   New files added to this directory will not be compressed.
[2025-12-21 19:43:55.163]   0 :         0 = 1.0 to 1   Lossless Scaling
[2025-12-21 19:43:55.163]   Of 1 files within 1 directories
[2025-12-21 19:43:55.163]   0 are compressed and 1 are not compressed.
[2025-12-21 19:43:55.163] [COMPACT] Compressed count: 0
[2025-12-21 19:43:55.163] [COMPACT] Result: False
[2025-12-21 19:43:55.217] [COMPACT] IsCompressed output for Magicka 2:
[2025-12-21 19:43:55.217]   Listing D:\SteamLibrary\steamapps\common\
[2025-12-21 19:43:55.217]   New files added to this directory will not be compressed.
[2025-12-21 19:43:55.217]   0 :         0 = 1.0 to 1   Magicka 2
[2025-12-21 19:43:55.217]   Of 1 files within 1 directories
[2025-12-21 19:43:55.217]   0 are compressed and 1 are not compressed.
[2025-12-21 19:43:55.217] [COMPACT] Compressed count: 0
[2025-12-21 19:43:55.217] [COMPACT] Result: False
[2025-12-21 19:43:55.277] Found 2 drives:
[2025-12-21 19:43:55.278]   C:\ (Acer) - 1.61 TB free of 2.93 TB
[2025-12-21 19:43:55.279]   D:\ (Games) - 1.31 TB free of 3.27 TB
[2025-12-21 19:43:55.296] [COMPACT] IsCompressed output for Magicka 2 beta:
[2025-12-21 19:43:55.296]   Listing D:\SteamLibrary\steamapps\common\
[2025-12-21 19:43:55.296]   New files added to this directory will not be compressed.
[2025-12-21 19:43:55.296]   0 :         0 = 1.0 to 1   Magicka 2 beta
[2025-12-21 19:43:55.296]   Of 1 files within 1 directories
[2025-12-21 19:43:55.296]   0 are compressed and 1 are not compressed.
[2025-12-21 19:43:55.296] [COMPACT] Compressed count: 0
[2025-12-21 19:43:55.296] [COMPACT] Result: False
[2025-12-21 19:43:55.375] [COMPACT] IsCompressed output for Magrunner:
[2025-12-21 19:43:55.375]   Listing D:\SteamLibrary\steamapps\common\
[2025-12-21 19:43:55.375]   New files added to this directory will not be compressed.
[2025-12-21 19:43:55.375]   0 :         0 = 1.0 to 1   Magrunner
[2025-12-21 19:43:55.375]   Of 1 files within 1 directories
[2025-12-21 19:43:55.375]   0 are compressed and 1 are not compressed.
[2025-12-21 19:43:55.375] [COMPACT] Compressed count: 0
[2025-12-21 19:43:55.375] [COMPACT] Result: False
[2025-12-21 19:43:55.459] [COMPACT] IsCompressed output for Make Good Choices:
[2025-12-21 19:43:55.460]   Listing D:\SteamLibrary\steamapps\common\
[2025-12-21 19:43:55.460]   New files added to this directory will not be compressed.
[2025-12-21 19:43:55.460]   0 :         0 = 1.0 to 1   Make Good Choices
[2025-12-21 19:43:55.460]   Of 1 files within 1 directories
[2025-12-21 19:43:55.460]   0 are compressed and 1 are not compressed.
[2025-12-21 19:43:55.460] [COMPACT] Compressed count: 0
[2025-12-21 19:43:55.460] [COMPACT] Result: False
[2025-12-21 19:43:55.534] [COMPACT] IsCompressed output for Maskmaker:
[2025-12-21 19:43:55.534]   Listing D:\SteamLibrary\steamapps\common\
[2025-12-21 19:43:55.534]   New files added to this directory will not be compressed.
[2025-12-21 19:43:55.534]   0 :         0 = 1.0 to 1   Maskmaker
[2025-12-21 19:43:55.534]   Of 1 files within 1 directories
[2025-12-21 19:43:55.534]   0 are compressed and 1 are not compressed.
[2025-12-21 19:43:55.534] [COMPACT] Compressed count: 0
[2025-12-21 19:43:55.534] [COMPACT] Result: False
[2025-12-21 19:43:55.604] [COMPACT] IsCompressed output for Path of Exile:
[2025-12-21 19:43:55.604]   Listing D:\SteamLibrary\steamapps\common\
[2025-12-21 19:43:55.604]   New files added to this directory will not be compressed.
[2025-12-21 19:43:55.604]   0 :         0 = 1.0 to 1   Path of Exile
[2025-12-21 19:43:55.604]   Of 1 files within 1 directories
[2025-12-21 19:43:55.604]   0 are compressed and 1 are not compressed.
[2025-12-21 19:43:55.604] [COMPACT] Compressed count: 0
[2025-12-21 19:43:55.604] [COMPACT] Result: False
[2025-12-21 19:43:55.672] [COMPACT] IsCompressed output for PAYDAY 2:
[2025-12-21 19:43:55.672]   Listing D:\SteamLibrary\steamapps\common\
[2025-12-21 19:43:55.672]   New files added to this directory will not be compressed.
[2025-12-21 19:43:55.672]   0 :         0 = 1.0 to 1   PAYDAY 2
[2025-12-21 19:43:55.672]   Of 1 files within 1 directories
[2025-12-21 19:43:55.672]   0 are compressed and 1 are not compressed.
[2025-12-21 19:43:55.672] [COMPACT] Compressed count: 0
[2025-12-21 19:43:55.672] [COMPACT] Result: False
[2025-12-21 19:43:55.732] [COMPACT] IsCompressed output for PCMark 10:
[2025-12-21 19:43:55.732]   Listing D:\SteamLibrary\steamapps\common\
[2025-12-21 19:43:55.732]   New files added to this directory will not be compressed.
[2025-12-21 19:43:55.732]   0 :         0 = 1.0 to 1   PCMark 10
[2025-12-21 19:43:55.732]   Of 1 files within 1 directories
[2025-12-21 19:43:55.732]   0 are compressed and 1 are not compressed.
[2025-12-21 19:43:55.732] [COMPACT] Compressed count: 0
[2025-12-21 19:43:55.732] [COMPACT] Result: False
[2025-12-21 19:43:55.808] [COMPACT] IsCompressed output for POSTAL Brain Damaged:
[2025-12-21 19:43:55.808]   Listing D:\SteamLibrary\steamapps\common\
[2025-12-21 19:43:55.808]   New files added to this directory will not be compressed.
[2025-12-21 19:43:55.808]   0 :         0 = 1.0 to 1   POSTAL Brain Damaged
[2025-12-21 19:43:55.808]   Of 1 files within 1 directories
[2025-12-21 19:43:55.808]   0 are compressed and 1 are not compressed.
[2025-12-21 19:43:55.808] [COMPACT] Compressed count: 0
[2025-12-21 19:43:55.808] [COMPACT] Result: False
[2025-12-21 19:43:55.869] [COMPACT] IsCompressed output for PowerWash Simulator:
[2025-12-21 19:43:55.869]   Listing D:\SteamLibrary\steamapps\common\
[2025-12-21 19:43:55.869]   New files added to this directory will not be compressed.
[2025-12-21 19:43:55.869]   0 :         0 = 1.0 to 1   PowerWash Simulator
[2025-12-21 19:43:55.869]   Of 1 files within 1 directories
[2025-12-21 19:43:55.869]   0 are compressed and 1 are not compressed.
[2025-12-21 19:43:55.869] [COMPACT] Compressed count: 0
[2025-12-21 19:43:55.869] [COMPACT] Result: False
[2025-12-21 19:43:55.952] [COMPACT] IsCompressed output for Prodeus:
[2025-12-21 19:43:55.952]   Listing D:\SteamLibrary\steamapps\common\
[2025-12-21 19:43:55.952]   New files added to this directory will not be compressed.
[2025-12-21 19:43:55.952]   0 :         0 = 1.0 to 1   Prodeus
[2025-12-21 19:43:55.952]   Of 1 files within 1 directories
[2025-12-21 19:43:55.952]   0 are compressed and 1 are not compressed.
[2025-12-21 19:43:55.952] [COMPACT] Compressed count: 0
[2025-12-21 19:43:55.952] [COMPACT] Result: False
[2025-12-21 19:43:56.040] [COMPACT] IsCompressed output for Psychonauts in the Rhombus of Ruin:
[2025-12-21 19:43:56.040]   Listing D:\SteamLibrary\steamapps\common\
[2025-12-21 19:43:56.040]   New files added to this directory will not be compressed.
[2025-12-21 19:43:56.040]   0 :         0 = 1.0 to 1   Psychonauts in the Rhombus of Ruin
[2025-12-21 19:43:56.040]   Of 1 files within 1 directories
[2025-12-21 19:43:56.040]   0 are compressed and 1 are not compressed.
[2025-12-21 19:43:56.040] [COMPACT] Compressed count: 0
[2025-12-21 19:43:56.040] [COMPACT] Result: False
[2025-12-21 19:43:56.112] [COMPACT] IsCompressed output for Ragnarock:
[2025-12-21 19:43:56.112]   Listing D:\SteamLibrary\steamapps\common\
[2025-12-21 19:43:56.112]   New files added to this directory will not be compressed.
[2025-12-21 19:43:56.112]   0 :         0 = 1.0 to 1   Ragnarock
[2025-12-21 19:43:56.112]   Of 1 files within 1 directories
[2025-12-21 19:43:56.112]   0 are compressed and 1 are not compressed.
[2025-12-21 19:43:56.112] [COMPACT] Compressed count: 0
[2025-12-21 19:43:56.112] [COMPACT] Result: False
[2025-12-21 19:43:56.175] [COMPACT] IsCompressed output for RERUNNER:
[2025-12-21 19:43:56.175]   Listing D:\SteamLibrary\steamapps\common\
[2025-12-21 19:43:56.175]   New files added to this directory will not be compressed.
[2025-12-21 19:43:56.175]   0 :         0 = 1.0 to 1   RERUNNER
[2025-12-21 19:43:56.175]   Of 1 files within 1 directories
[2025-12-21 19:43:56.175]   0 are compressed and 1 are not compressed.
[2025-12-21 19:43:56.175] [COMPACT] Compressed count: 0
[2025-12-21 19:43:56.175] [COMPACT] Result: False
[2025-12-21 19:43:56.262] [COMPACT] IsCompressed output for Rusty's Retirement:
[2025-12-21 19:43:56.262]   Listing D:\SteamLibrary\steamapps\common\
[2025-12-21 19:43:56.262]   New files added to this directory will not be compressed.
[2025-12-21 19:43:56.262]   0 :         0 = 1.0 to 1   Rusty's Retirement
[2025-12-21 19:43:56.262]   Of 1 files within 1 directories
[2025-12-21 19:43:56.262]   0 are compressed and 1 are not compressed.
[2025-12-21 19:43:56.262] [COMPACT] Compressed count: 0
[2025-12-21 19:43:56.262] [COMPACT] Result: False
[2025-12-21 19:43:56.343] [COMPACT] IsCompressed output for Satisfactory:
[2025-12-21 19:43:56.343]   Listing D:\SteamLibrary\steamapps\common\
[2025-12-21 19:43:56.343]   New files added to this directory will not be compressed.
[2025-12-21 19:43:56.343]   0 :         0 = 1.0 to 1   Satisfactory
[2025-12-21 19:43:56.343]   Of 1 files within 1 directories
[2025-12-21 19:43:56.343]   0 are compressed and 1 are not compressed.
[2025-12-21 19:43:56.343] [COMPACT] Compressed count: 0
[2025-12-21 19:43:56.343] [COMPACT] Result: False
[2025-12-21 19:43:56.416] [COMPACT] IsCompressed output for Schrodinger's Cat Burglar Demo:
[2025-12-21 19:43:56.416]   Listing D:\SteamLibrary\steamapps\common\
[2025-12-21 19:43:56.416]   New files added to this directory will not be compressed.
[2025-12-21 19:43:56.416]   0 :         0 = 1.0 to 1   Schrodinger's Cat Burglar Demo
[2025-12-21 19:43:56.416]   Of 1 files within 1 directories
[2025-12-21 19:43:56.416]   0 are compressed and 1 are not compressed.
[2025-12-21 19:43:56.416] [COMPACT] Compressed count: 0
[2025-12-21 19:43:56.416] [COMPACT] Result: False
[2025-12-21 19:43:56.477] [COMPACT] IsCompressed output for Scribblenauts:
[2025-12-21 19:43:56.477]   Listing D:\SteamLibrary\steamapps\common\
[2025-12-21 19:43:56.477]   New files added to this directory will not be compressed.
[2025-12-21 19:43:56.477]   0 :         0 = 1.0 to 1   Scribblenauts
[2025-12-21 19:43:56.477]   Of 1 files within 1 directories
[2025-12-21 19:43:56.477]   0 are compressed and 1 are not compressed.
[2025-12-21 19:43:56.477] [COMPACT] Compressed count: 0
[2025-12-21 19:43:56.477] [COMPACT] Result: False
[2025-12-21 19:43:56.538] [COMPACT] IsCompressed output for Sky Children of the Light:
[2025-12-21 19:43:56.538]   Listing D:\SteamLibrary\steamapps\common\
[2025-12-21 19:43:56.538]   New files added to this directory will not be compressed.
[2025-12-21 19:43:56.538]   0 :         0 = 1.0 to 1   Sky Children of the Light
[2025-12-21 19:43:56.538]   Of 1 files within 1 directories
[2025-12-21 19:43:56.538]   0 are compressed and 1 are not compressed.
[2025-12-21 19:43:56.538] [COMPACT] Compressed count: 0
[2025-12-21 19:43:56.538] [COMPACT] Result: False
[2025-12-21 19:43:56.630] [COMPACT] IsCompressed output for smbbm:
[2025-12-21 19:43:56.630]   Listing D:\SteamLibrary\steamapps\common\
[2025-12-21 19:43:56.630]   New files added to this directory will not be compressed.
[2025-12-21 19:43:56.630]   0 :         0 = 1.0 to 1   smbbm
[2025-12-21 19:43:56.630]   Of 1 files within 1 directories
[2025-12-21 19:43:56.630]   0 are compressed and 1 are not compressed.
[2025-12-21 19:43:56.630] [COMPACT] Compressed count: 0
[2025-12-21 19:43:56.630] [COMPACT] Result: False
[2025-12-21 19:43:56.713] [COMPACT] IsCompressed output for SpaceEngineers:
[2025-12-21 19:43:56.713]   Listing D:\SteamLibrary\steamapps\common\
[2025-12-21 19:43:56.713]   New files added to this directory will not be compressed.
[2025-12-21 19:43:56.713]   0 :         0 = 1.0 to 1   SpaceEngineers
[2025-12-21 19:43:56.713]   Of 1 files within 1 directories
[2025-12-21 19:43:56.713]   0 are compressed and 1 are not compressed.
[2025-12-21 19:43:56.713] [COMPACT] Compressed count: 0
[2025-12-21 19:43:56.713] [COMPACT] Result: False
[2025-12-21 19:43:56.776] [COMPACT] IsCompressed output for SpeedRunners:
[2025-12-21 19:43:56.776]   Listing D:\SteamLibrary\steamapps\common\
[2025-12-21 19:43:56.776]   New files added to this directory will not be compressed.
[2025-12-21 19:43:56.776]   0 :         0 = 1.0 to 1   SpeedRunners
[2025-12-21 19:43:56.776]   Of 1 files within 1 directories
[2025-12-21 19:43:56.776]   0 are compressed and 1 are not compressed.
[2025-12-21 19:43:56.776] [COMPACT] Compressed count: 0
[2025-12-21 19:43:56.776] [COMPACT] Result: False
[2025-12-21 19:43:56.834] [COMPACT] IsCompressed output for Spirit City Lofi Sessions:
[2025-12-21 19:43:56.834]   Listing D:\SteamLibrary\steamapps\common\
[2025-12-21 19:43:56.834]   New files added to this directory will not be compressed.
[2025-12-21 19:43:56.834]   0 :         0 = 1.0 to 1   Spirit City Lofi Sessions
[2025-12-21 19:43:56.834]   Of 1 files within 1 directories
[2025-12-21 19:43:56.834]   0 are compressed and 1 are not compressed.
[2025-12-21 19:43:56.834] [COMPACT] Compressed count: 0
[2025-12-21 19:43:56.834] [COMPACT] Result: False
[2025-12-21 19:43:56.903] [COMPACT] IsCompressed output for SS2:
[2025-12-21 19:43:56.903]   Listing D:\SteamLibrary\steamapps\common\
[2025-12-21 19:43:56.903]   New files added to this directory will not be compressed.
[2025-12-21 19:43:56.903]   0 :         0 = 1.0 to 1   SS2
[2025-12-21 19:43:56.903]   Of 1 files within 1 directories
[2025-12-21 19:43:56.903]   0 are compressed and 1 are not compressed.
[2025-12-21 19:43:56.903] [COMPACT] Compressed count: 0
[2025-12-21 19:43:56.903] [COMPACT] Result: False
[2025-12-21 19:43:56.983] [COMPACT] IsCompressed output for State of Mind:
[2025-12-21 19:43:56.983]   Listing D:\SteamLibrary\steamapps\common\
[2025-12-21 19:43:56.983]   New files added to this directory will not be compressed.
[2025-12-21 19:43:56.983]   0 :         0 = 1.0 to 1   State of Mind
[2025-12-21 19:43:56.983]   Of 1 files within 1 directories
[2025-12-21 19:43:56.983]   0 are compressed and 1 are not compressed.
[2025-12-21 19:43:56.984] [COMPACT] Compressed count: 0
[2025-12-21 19:43:56.984] [COMPACT] Result: False
[2025-12-21 19:43:57.064] [COMPACT] IsCompressed output for SteamVRPerformanceTest:
[2025-12-21 19:43:57.064]   Listing D:\SteamLibrary\steamapps\common\
[2025-12-21 19:43:57.064]   New files added to this directory will not be compressed.
[2025-12-21 19:43:57.064]   0 :         0 = 1.0 to 1   SteamVRPerformanceTest
[2025-12-21 19:43:57.064]   Of 1 files within 1 directories
[2025-12-21 19:43:57.064]   0 are compressed and 1 are not compressed.
[2025-12-21 19:43:57.064] [COMPACT] Compressed count: 0
[2025-12-21 19:43:57.064] [COMPACT] Result: False
[2025-12-21 19:43:57.127] [COMPACT] IsCompressed output for SunsetOverdrive:
[2025-12-21 19:43:57.128]   Listing D:\SteamLibrary\steamapps\common\
[2025-12-21 19:43:57.128]   New files added to this directory will not be compressed.
[2025-12-21 19:43:57.128]   0 :         0 = 1.0 to 1   SunsetOverdrive
[2025-12-21 19:43:57.128]   Of 1 files within 1 directories
[2025-12-21 19:43:57.128]   0 are compressed and 1 are not compressed.
[2025-12-21 19:43:57.128] [COMPACT] Compressed count: 0
[2025-12-21 19:43:57.128] [COMPACT] Result: False
[2025-12-21 19:43:57.190] [COMPACT] IsCompressed output for Supraworld:
[2025-12-21 19:43:57.190]   Listing D:\SteamLibrary\steamapps\common\
[2025-12-21 19:43:57.190]   New files added to this directory will not be compressed.
[2025-12-21 19:43:57.190]   0 :         0 = 1.0 to 1   Supraworld
[2025-12-21 19:43:57.190]   Of 1 files within 1 directories
[2025-12-21 19:43:57.190]   0 are compressed and 1 are not compressed.
[2025-12-21 19:43:57.190] [COMPACT] Compressed count: 0
[2025-12-21 19:43:57.190] [COMPACT] Result: False
[2025-12-21 19:43:57.253] [COMPACT] IsCompressed output for Tabletop Simulator:
[2025-12-21 19:43:57.253]   Listing D:\SteamLibrary\steamapps\common\
[2025-12-21 19:43:57.253]   New files added to this directory will not be compressed.
[2025-12-21 19:43:57.253]   0 :         0 = 1.0 to 1   Tabletop Simulator
[2025-12-21 19:43:57.253]   Of 1 files within 1 directories
[2025-12-21 19:43:57.253]   0 are compressed and 1 are not compressed.
[2025-12-21 19:43:57.253] [COMPACT] Compressed count: 0
[2025-12-21 19:43:57.253] [COMPACT] Result: False
[2025-12-21 19:43:57.293] Found 2 drives:
[2025-12-21 19:43:57.294]   C:\ (Acer) - 1.61 TB free of 2.93 TB
[2025-12-21 19:43:57.294]   D:\ (Games) - 1.31 TB free of 3.27 TB
[2025-12-21 19:43:57.318] [COMPACT] IsCompressed output for Test Expected Behaviour:
[2025-12-21 19:43:57.318]   Listing D:\SteamLibrary\steamapps\common\
[2025-12-21 19:43:57.318]   New files added to this directory will not be compressed.
[2025-12-21 19:43:57.318]   0 :         0 = 1.0 to 1   Test Expected Behaviour
[2025-12-21 19:43:57.319]   Of 1 files within 1 directories
[2025-12-21 19:43:57.319]   0 are compressed and 1 are not compressed.
[2025-12-21 19:43:57.319] [COMPACT] Compressed count: 0
[2025-12-21 19:43:57.319] [COMPACT] Result: False
[2025-12-21 19:43:57.411] [COMPACT] IsCompressed output for That One Otter Game:
[2025-12-21 19:43:57.411]   Listing D:\SteamLibrary\steamapps\common\
[2025-12-21 19:43:57.411]   New files added to this directory will not be compressed.
[2025-12-21 19:43:57.411]   0 :         0 = 1.0 to 1   That One Otter Game
[2025-12-21 19:43:57.411]   Of 1 files within 1 directories
[2025-12-21 19:43:57.411]   0 are compressed and 1 are not compressed.
[2025-12-21 19:43:57.412] [COMPACT] Compressed count: 0
[2025-12-21 19:43:57.412] [COMPACT] Result: False
[2025-12-21 19:43:57.496] [COMPACT] IsCompressed output for The Binding of Isaac Rebirth:
[2025-12-21 19:43:57.496]   Listing D:\SteamLibrary\steamapps\common\
[2025-12-21 19:43:57.496]   New files added to this directory will not be compressed.
[2025-12-21 19:43:57.496]   0 :         0 = 1.0 to 1   The Binding of Isaac Rebirth
[2025-12-21 19:43:57.496]   Of 1 files within 1 directories
[2025-12-21 19:43:57.496]   0 are compressed and 1 are not compressed.
[2025-12-21 19:43:57.496] [COMPACT] Compressed count: 0
[2025-12-21 19:43:57.496] [COMPACT] Result: False
[2025-12-21 19:43:57.569] [COMPACT] IsCompressed output for The Infinite Inside:
[2025-12-21 19:43:57.570]   Listing D:\SteamLibrary\steamapps\common\
[2025-12-21 19:43:57.570]   New files added to this directory will not be compressed.
[2025-12-21 19:43:57.570]   0 :         0 = 1.0 to 1   The Infinite Inside
[2025-12-21 19:43:57.570]   Of 1 files within 1 directories
[2025-12-21 19:43:57.570]   0 are compressed and 1 are not compressed.
[2025-12-21 19:43:57.570] [COMPACT] Compressed count: 0
[2025-12-21 19:43:57.570] [COMPACT] Result: False
[2025-12-21 19:43:57.657] [COMPACT] IsCompressed output for The Maze VR:
[2025-12-21 19:43:57.657]   Listing D:\SteamLibrary\steamapps\common\
[2025-12-21 19:43:57.657]   New files added to this directory will not be compressed.
[2025-12-21 19:43:57.657]   0 :         0 = 1.0 to 1   The Maze VR
[2025-12-21 19:43:57.657]   Of 1 files within 1 directories
[2025-12-21 19:43:57.657]   0 are compressed and 1 are not compressed.
[2025-12-21 19:43:57.657] [COMPACT] Compressed count: 0
[2025-12-21 19:43:57.657] [COMPACT] Result: False
[2025-12-21 19:43:57.728] [COMPACT] IsCompressed output for TheLastClockwinder:
[2025-12-21 19:43:57.728]   Listing D:\SteamLibrary\steamapps\common\
[2025-12-21 19:43:57.728]   New files added to this directory will not be compressed.
[2025-12-21 19:43:57.728]   0 :         0 = 1.0 to 1   TheLastClockwinder
[2025-12-21 19:43:57.728]   Of 1 files within 1 directories
[2025-12-21 19:43:57.728]   0 are compressed and 1 are not compressed.
[2025-12-21 19:43:57.728] [COMPACT] Compressed count: 0
[2025-12-21 19:43:57.728] [COMPACT] Result: False
[2025-12-21 19:43:57.789] [COMPACT] IsCompressed output for Tower Unite:
[2025-12-21 19:43:57.789]   Listing D:\SteamLibrary\steamapps\common\
[2025-12-21 19:43:57.789]   New files added to this directory will not be compressed.
[2025-12-21 19:43:57.789]   0 :         0 = 1.0 to 1   Tower Unite
[2025-12-21 19:43:57.789]   Of 1 files within 1 directories
[2025-12-21 19:43:57.789]   0 are compressed and 1 are not compressed.
[2025-12-21 19:43:57.789] [COMPACT] Compressed count: 0
[2025-12-21 19:43:57.789] [COMPACT] Result: False
[2025-12-21 19:43:57.850] [COMPACT] IsCompressed output for Underground Blossom:
[2025-12-21 19:43:57.850]   Listing D:\SteamLibrary\steamapps\common\
[2025-12-21 19:43:57.850]   New files added to this directory will not be compressed.
[2025-12-21 19:43:57.850]   0 :         0 = 1.0 to 1   Underground Blossom
[2025-12-21 19:43:57.850]   Of 1 files within 1 directories
[2025-12-21 19:43:57.850]   0 are compressed and 1 are not compressed.
[2025-12-21 19:43:57.850] [COMPACT] Compressed count: 0
[2025-12-21 19:43:57.850] [COMPACT] Result: False
[2025-12-21 19:43:57.974] [COMPACT] IsCompressed output for Voidtrain:
[2025-12-21 19:43:57.974]   Listing D:\SteamLibrary\steamapps\common\
[2025-12-21 19:43:57.974]   New files added to this directory will not be compressed.
[2025-12-21 19:43:57.975]   0 :         0 = 1.0 to 1   Voidtrain
[2025-12-21 19:43:57.975]   Of 1 files within 1 directories
[2025-12-21 19:43:57.975]   0 are compressed and 1 are not compressed.
[2025-12-21 19:43:57.975] [COMPACT] Compressed count: 0
[2025-12-21 19:43:57.975] [COMPACT] Result: False
[2025-12-21 19:43:58.051] [COMPACT] IsCompressed output for Voyage:
[2025-12-21 19:43:58.052]   Listing D:\SteamLibrary\steamapps\common\
[2025-12-21 19:43:58.052]   New files added to this directory will not be compressed.
[2025-12-21 19:43:58.052]   0 :         0 = 1.0 to 1   Voyage
[2025-12-21 19:43:58.052]   Of 1 files within 1 directories
[2025-12-21 19:43:58.052]   0 are compressed and 1 are not compressed.
[2025-12-21 19:43:58.052] [COMPACT] Compressed count: 0
[2025-12-21 19:43:58.052] [COMPACT] Result: False
[2025-12-21 19:43:58.110] [COMPACT] IsCompressed output for VRChat:
[2025-12-21 19:43:58.110]   Listing D:\SteamLibrary\steamapps\common\
[2025-12-21 19:43:58.110]   New files added to this directory will not be compressed.
[2025-12-21 19:43:58.110]   0 :         0 = 1.0 to 1   VRChat
[2025-12-21 19:43:58.110]   Of 1 files within 1 directories
[2025-12-21 19:43:58.110]   0 are compressed and 1 are not compressed.
[2025-12-21 19:43:58.110] [COMPACT] Compressed count: 0
[2025-12-21 19:43:58.110] [COMPACT] Result: False
[2025-12-21 19:43:58.167] [COMPACT] IsCompressed output for We Were Here Expeditions - The FriendShip:
[2025-12-21 19:43:58.167]   Listing D:\SteamLibrary\steamapps\common\
[2025-12-21 19:43:58.167]   New files added to this directory will not be compressed.
[2025-12-21 19:43:58.167]   0 :         0 = 1.0 to 1   We Were Here Expeditions - The FriendShip
[2025-12-21 19:43:58.167]   Of 1 files within 1 directories
[2025-12-21 19:43:58.167]   0 are compressed and 1 are not compressed.
[2025-12-21 19:43:58.167] [COMPACT] Compressed count: 0
[2025-12-21 19:43:58.167] [COMPACT] Result: False
[2025-12-21 19:43:58.233] [COMPACT] IsCompressed output for Launcher:
[2025-12-21 19:43:58.233]   Listing C:\Program Files\Epic Games\
[2025-12-21 19:43:58.233]   New files added to this directory will not be compressed.
[2025-12-21 19:43:58.233]   0 :         0 = 1.0 to 1   Launcher
[2025-12-21 19:43:58.233]   Of 1 files within 1 directories
[2025-12-21 19:43:58.233]   0 are compressed and 1 are not compressed.
[2025-12-21 19:43:58.233] [COMPACT] Compressed count: 0
[2025-12-21 19:43:58.233] [COMPACT] Result: False
[2025-12-21 19:43:58.240] ✓ Found 168 programs
[2025-12-21 19:43:58.246] ✓ Added 50 programs to list
[2025-12-21 19:43:58.246] === Program scan complete ===
[2025-12-21 19:43:59.314] Found 2 drives:
[2025-12-21 19:43:59.315]   C:\ (Acer) - 1.61 TB free of 2.93 TB
[2025-12-21 19:43:59.315]   D:\ (Games) - 1.31 TB free of 3.27 TB
[2025-12-21 19:44:01.325] Found 2 drives:
[2025-12-21 19:44:01.326]   C:\ (Acer) - 1.61 TB free of 2.93 TB
[2025-12-21 19:44:01.327]   D:\ (Games) - 1.31 TB free of 3.27 TB
[2025-12-21 19:44:03.344] Found 2 drives:
[2025-12-21 19:44:03.345]   C:\ (Acer) - 1.61 TB free of 2.93 TB
[2025-12-21 19:44:03.346]   D:\ (Games) - 1.31 TB free of 3.27 TB
[2025-12-21 19:44:03.457] ✓ Program selected: Starfield
[2025-12-21 19:44:05.361] Found 2 drives:
[2025-12-21 19:44:05.363]   C:\ (Acer) - 1.61 TB free of 2.93 TB
[2025-12-21 19:44:05.363]   D:\ (Games) - 1.31 TB free of 3.27 TB
[2025-12-21 19:44:06.073] === Compress_Click triggered ===
[2025-12-21 19:44:06.073] Compressing: C:\Program Files (x86)\Steam\steamapps\common\Starfield
[2025-12-21 19:44:06.075] Using algorithm: LZX
[2025-12-21 19:44:06.075] Starting compression...
[2025-12-21 19:44:06.077] [COMPACT] Target path: C:\Program Files (x86)\Steam\steamapps\common\Starfield
[2025-12-21 19:44:06.077] [COMPACT] Escaped path: C:\Program Files (x86)\Steam\steamapps\common\Starfield
[2025-12-21 19:44:06.077] [COMPACT] Algorithm: LZX
[2025-12-21 19:44:06.077] [COMPACT] Full arguments: compact.exe /C /EXE:LZX /S "C:\Program Files (x86)\Steam\steamapps\common\Starfield"
[2025-12-21 19:44:07.371] Found 2 drives:
[2025-12-21 19:44:07.371]   C:\ (Acer) - 1.61 TB free of 2.93 TB
[2025-12-21 19:44:07.372]   D:\ (Games) - 1.31 TB free of 3.27 TB
[2025-12-21 19:44:09.387] Found 2 drives:
[2025-12-21 19:44:09.387]   C:\ (Acer) - 1.61 TB free of 2.93 TB
[2025-12-21 19:44:09.388]   D:\ (Games) - 1.31 TB free of 3.27 TB
[2025-12-21 19:44:09.540] [COMPACT] Exit code: 0
[2025-12-21 19:44:09.540] [COMPACT] Duration: 3.46s
[2025-12-21 19:44:09.540] [COMPACT] STDOUT (1084716 chars):
[2025-12-21 19:44:09.541]   
[2025-12-21 19:44:09.541]    Compressing files in C:\Program Files (x86)\Steam\steamapps\common\
[2025-12-21 19:44:09.541]   
[2025-12-21 19:44:09.541]   
[2025-12-21 19:44:09.541]    Compressing files in C:\Program Files (x86)\Steam\steamapps\common\100 Radioactive Cats\
[2025-12-21 19:44:09.541]   
[2025-12-21 19:44:09.541]   
[2025-12-21 19:44:09.541]    Compressing files in C:\Program Files (x86)\Steam\steamapps\common\100 Radioactive Cats\100 Radioactive Cats_Data\
[2025-12-21 19:44:09.541]   
[2025-12-21 19:44:09.541]   
[2025-12-21 19:44:09.541]    Compressing files in C:\Program Files (x86)\Steam\steamapps\common\100 Radioactive Cats\100 Radioactive Cats_Data\il2cpp_data\
[2025-12-21 19:44:09.541]   
[2025-12-21 19:44:09.541]   
[2025-12-21 19:44:09.541]    Compressing files in C:\Program Files (x86)\Steam\steamapps\common\100 Radioactive Cats\100 Radioactive Cats_Data\il2cpp_data\Metadata\
[2025-12-21 19:44:09.541]   
[2025-12-21 19:44:09.541]   
[2025-12-21 19:44:09.541]    Compressing files in C:\Program Files (x86)\Steam\steamapps\common\100 Radioactive Cats\100 Radioactive Cats_Data\il2cpp_data\Resources\
[2025-12-21 19:44:09.541]   
[2025-12-21 19:44:09.541]   
[2025-12-21 19:44:09.541]    Compressing files in C:\Program Files (x86)\Steam\steamapps\common\100 Radioactive Cats\100 Radioactive Cats_Data\Plugins\
[2025-12-21 19:44:09.543] [COMPACT] Parsing output (last 50 lines of 22913 total)
[2025-12-21 19:44:09.543] [COMPACT] Found: 0 files compressed
[2025-12-21 19:44:09.544] [COMPACT] Found sizes: 0 -> 0
[2025-12-21 19:44:09.544] Compression result - Success: True
[2025-12-21 19:44:09.544] ✓ Compressed 0 files
[2025-12-21 19:44:09.544] ✓ Original: 0 B
[2025-12-21 19:44:09.544] ✓ Compressed: 0 B
[2025-12-21 19:44:09.544] ✓ Saved: 0 B (NaN)
[2025-12-21 19:44:09.544] === Compression complete ===
[2025-12-21 19:44:11.407] Found 2 drives:
[2025-12-21 19:44:11.408]   C:\ (Acer) - 1.61 TB free of 2.93 TB
[2025-12-21 19:44:11.409]   D:\ (Games) - 1.31 TB free of 3.27 TB
[2025-12-21 19:44:13.422] Found 2 drives:
[2025-12-21 19:44:13.423]   C:\ (Acer) - 1.61 TB free of 2.93 TB
[2025-12-21 19:44:13.423]   D:\ (Games) - 1.31 TB free of 3.27 TB
