[2025-12-23 15:28:09.921] === RamOptimizer Nova - Session Started ===
[2025-12-23 15:28:09.937] Log file: C:\Users\Jarrod\Desktop\VS Code Projects\Ram optimiser\publish\RamOptimizerNova\logs\RamOptimizer_2025-12-23_15-28-09.log
[2025-12-23 15:28:10.290] === MainWindow Initializing ===
[2025-12-23 15:28:11.056] Creating services...
[2025-12-23 15:28:15.345] Finding UI elements...
[2025-12-23 15:28:15.347] ✓ Found UI elements - CPU: True, GPU: True, Memory: True
[2025-12-23 15:28:15.347] Setting up metrics timer...
[2025-12-23 15:28:15.347] Initial metrics update...
[2025-12-23 15:28:15.406] Found 2 drives:
[2025-12-23 15:28:15.418]   C:\ (Acer) - 1.72 TB free of 2.93 TB
[2025-12-23 15:28:15.419]   D:\ (Games) - 1.32 TB free of 3.27 TB
[2025-12-23 15:28:15.419] Wiring compression UI...
[2025-12-23 15:28:15.420] Wiring compression buttons...
[2025-12-23 15:28:15.422] ✓ FileModeRadio wired
[2025-12-23 15:28:15.422] ✓ ProgramModeRadio wired
[2025-12-23 15:28:15.422] ✓ SelectFolderButton wired
[2025-12-23 15:28:15.422] ✓ ScanProgramsButton wired
[2025-12-23 15:28:15.422] ✓ EstimateButton wired
[2025-12-23 15:28:15.422] ✓ CompressButton wired
[2025-12-23 15:28:15.422] ✓ DecompressButton wired
[2025-12-23 15:28:15.423] ✓ AllProgramsTab wired
[2025-12-23 15:28:15.423] ✓ CompressedTab wired
[2025-12-23 15:28:15.423] ✓ UncompressedTab wired
[2025-12-23 15:28:15.423] === All compression handlers wired successfully ===
[2025-12-23 15:28:15.423] === MainWindow Initialized Successfully ===
[2025-12-23 15:28:17.370] Found 2 drives:
[2025-12-23 15:28:17.388]   C:\ (Acer) - 1.72 TB free of 2.93 TB
[2025-12-23 15:28:17.389]   D:\ (Games) - 1.32 TB free of 3.27 TB
[2025-12-23 15:28:19.396] Found 2 drives:
[2025-12-23 15:28:19.399]   C:\ (Acer) - 1.72 TB free of 2.93 TB
[2025-12-23 15:28:19.400]   D:\ (Games) - 1.32 TB free of 3.27 TB
[2025-12-23 15:28:21.413] Found 2 drives:
[2025-12-23 15:28:21.420]   C:\ (Acer) - 1.72 TB free of 2.93 TB
[2025-12-23 15:28:21.421]   D:\ (Games) - 1.32 TB free of 3.27 TB
[2025-12-23 15:28:23.427] Found 2 drives:
[2025-12-23 15:28:23.428]   C:\ (Acer) - 1.72 TB free of 2.93 TB
[2025-12-23 15:28:23.429]   D:\ (Games) - 1.32 TB free of 3.27 TB
[2025-12-23 15:28:25.440] Found 2 drives:
[2025-12-23 15:28:25.441]   C:\ (Acer) - 1.72 TB free of 2.93 TB
[2025-12-23 15:28:25.442]   D:\ (Games) - 1.32 TB free of 3.27 TB
[2025-12-23 15:28:27.458] Found 2 drives:
[2025-12-23 15:28:27.459]   C:\ (Acer) - 1.72 TB free of 2.93 TB
[2025-12-23 15:28:27.459]   D:\ (Games) - 1.32 TB free of 3.27 TB
[2025-12-23 15:28:29.471] Found 2 drives:
[2025-12-23 15:28:29.474]   C:\ (Acer) - 1.72 TB free of 2.93 TB
[2025-12-23 15:28:29.474]   D:\ (Games) - 1.32 TB free of 3.27 TB
[2025-12-23 15:28:31.486] Found 2 drives:
[2025-12-23 15:28:31.489]   C:\ (Acer) - 1.72 TB free of 2.93 TB
[2025-12-23 15:28:31.489]   D:\ (Games) - 1.32 TB free of 3.27 TB
[2025-12-23 15:28:33.506] Found 2 drives:
[2025-12-23 15:28:33.507]   C:\ (Acer) - 1.72 TB free of 2.93 TB
[2025-12-23 15:28:33.507]   D:\ (Games) - 1.32 TB free of 3.27 TB
[2025-12-23 15:28:35.517] Found 2 drives:
[2025-12-23 15:28:35.518]   C:\ (Acer) - 1.72 TB free of 2.93 TB
[2025-12-23 15:28:35.518]   D:\ (Games) - 1.32 TB free of 3.27 TB
[2025-12-23 15:28:37.534] Found 2 drives:
[2025-12-23 15:28:37.536]   C:\ (Acer) - 1.72 TB free of 2.93 TB
[2025-12-23 15:28:37.537]   D:\ (Games) - 1.32 TB free of 3.27 TB
[2025-12-23 15:28:39.552] Found 2 drives:
[2025-12-23 15:28:39.554]   C:\ (Acer) - 1.72 TB free of 2.93 TB
[2025-12-23 15:28:39.554]   D:\ (Games) - 1.32 TB free of 3.27 TB
[2025-12-23 15:28:41.566] Found 2 drives:
[2025-12-23 15:28:41.569]   C:\ (Acer) - 1.72 TB free of 2.93 TB
[2025-12-23 15:28:41.569]   D:\ (Games) - 1.32 TB free of 3.27 TB
[2025-12-23 15:28:43.585] Found 2 drives:
[2025-12-23 15:28:43.586]   C:\ (Acer) - 1.72 TB free of 2.93 TB
[2025-12-23 15:28:43.586]   D:\ (Games) - 1.32 TB free of 3.27 TB
[2025-12-23 15:28:45.595] Found 2 drives:
[2025-12-23 15:28:45.596]   C:\ (Acer) - 1.72 TB free of 2.93 TB
[2025-12-23 15:28:45.596]   D:\ (Games) - 1.32 TB free of 3.27 TB
[2025-12-23 15:28:47.613] Found 2 drives:
[2025-12-23 15:28:47.615]   C:\ (Acer) - 1.72 TB free of 2.93 TB
[2025-12-23 15:28:47.616]   D:\ (Games) - 1.32 TB free of 3.27 TB
[2025-12-23 15:28:49.628] Found 2 drives:
[2025-12-23 15:28:49.631]   C:\ (Acer) - 1.72 TB free of 2.93 TB
[2025-12-23 15:28:49.632]   D:\ (Games) - 1.32 TB free of 3.27 TB
[2025-12-23 15:28:51.647] Found 2 drives:
[2025-12-23 15:28:51.651]   C:\ (Acer) - 1.72 TB free of 2.93 TB
[2025-12-23 15:28:51.651]   D:\ (Games) - 1.32 TB free of 3.27 TB
[2025-12-23 15:28:53.667] Found 2 drives:
[2025-12-23 15:28:53.672]   C:\ (Acer) - 1.72 TB free of 2.93 TB
[2025-12-23 15:28:53.673]   D:\ (Games) - 1.32 TB free of 3.27 TB
[2025-12-23 15:28:55.694] Found 2 drives:
[2025-12-23 15:28:55.696]   C:\ (Acer) - 1.72 TB free of 2.93 TB
[2025-12-23 15:28:55.696]   D:\ (Games) - 1.32 TB free of 3.27 TB
[2025-12-23 15:28:57.707] Found 2 drives:
[2025-12-23 15:28:57.708]   C:\ (Acer) - 1.72 TB free of 2.93 TB
[2025-12-23 15:28:57.709]   D:\ (Games) - 1.32 TB free of 3.27 TB
[2025-12-23 15:28:59.721] Found 2 drives:
[2025-12-23 15:28:59.722]   C:\ (Acer) - 1.72 TB free of 2.93 TB
[2025-12-23 15:28:59.722]   D:\ (Games) - 1.32 TB free of 3.27 TB
[2025-12-23 15:29:01.738] Found 2 drives:
[2025-12-23 15:29:01.739]   C:\ (Acer) - 1.72 TB free of 2.93 TB
[2025-12-23 15:29:01.740]   D:\ (Games) - 1.32 TB free of 3.27 TB
