[2025-12-21 20:23:44.407] === RamOptimizer Nova - Session Started ===
[2025-12-21 20:23:44.416] Log file: C:\Users\Jarrod\Desktop\VS Code Projects\Ram optimiser\publish\RamOptimizerNova\logs\RamOptimizer_2025-12-21_20-23-44.log
[2025-12-21 20:23:44.738] === MainWindow Initializing ===
[2025-12-21 20:23:45.341] Creating services...
[2025-12-21 20:23:53.613] Finding UI elements...
[2025-12-21 20:23:53.614] ✓ Found UI elements - CPU: True, GPU: True, Memory: True
[2025-12-21 20:23:53.614] Setting up metrics timer...
[2025-12-21 20:23:53.615] Initial metrics update...
[2025-12-21 20:23:53.659] Found 2 drives:
[2025-12-21 20:23:53.669]   C:\ (Acer) - 1.61 TB free of 2.93 TB
[2025-12-21 20:23:53.670]   D:\ (Games) - 1.31 TB free of 3.27 TB
[2025-12-21 20:23:53.670] Wiring compression UI...
[2025-12-21 20:23:53.671] Wiring compression buttons...
[2025-12-21 20:23:53.672] ✓ FileModeRadio wired
[2025-12-21 20:23:53.672] ✓ ProgramModeRadio wired
[2025-12-21 20:23:53.672] ✓ SelectFolderButton wired
[2025-12-21 20:23:53.673] ✓ ScanProgramsButton wired
[2025-12-21 20:23:53.673] ✓ CompressButton wired
[2025-12-21 20:23:53.673] ✓ DecompressButton wired
[2025-12-21 20:23:53.673] === All compression handlers wired successfully ===
[2025-12-21 20:23:53.673] === MainWindow Initialized Successfully ===
[2025-12-21 20:23:55.629] Found 2 drives:
[2025-12-21 20:23:55.643]   C:\ (Acer) - 1.61 TB free of 2.93 TB
[2025-12-21 20:23:55.644]   D:\ (Games) - 1.31 TB free of 3.27 TB
[2025-12-21 20:23:57.659] Found 2 drives:
[2025-12-21 20:23:57.660]   C:\ (Acer) - 1.61 TB free of 2.93 TB
[2025-12-21 20:23:57.661]   D:\ (Games) - 1.31 TB free of 3.27 TB
[2025-12-21 20:23:59.676] Found 2 drives:
[2025-12-21 20:23:59.678]   C:\ (Acer) - 1.61 TB free of 2.93 TB
[2025-12-21 20:23:59.678]   D:\ (Games) - 1.31 TB free of 3.27 TB
[2025-12-21 20:24:01.685] Found 2 drives:
[2025-12-21 20:24:01.687]   C:\ (Acer) - 1.61 TB free of 2.93 TB
[2025-12-21 20:24:01.687]   D:\ (Games) - 1.31 TB free of 3.27 TB
[2025-12-21 20:24:03.705] Found 2 drives:
[2025-12-21 20:24:03.706]   C:\ (Acer) - 1.61 TB free of 2.93 TB
[2025-12-21 20:24:03.706]   D:\ (Games) - 1.31 TB free of 3.27 TB
